============================= test session starts =============================
platform win32 -- Python 3.11.13, pytest-8.4.2, pluggy-1.6.0 -- C:\Users\ASUS\anaconda3\envs\emailops\python.exe
cachedir: .pytest_cache
rootdir: C:\Users\ASUS\Downloads\emailops_vertex_ai
configfile: pytest.ini
plugins: anyio-4.11.0, cov-7.0.0
collecting ... collected 517 items

tests/integration/test_core_workflows.py::TestDocumentProcessingWorkflow::test_configuration_workflow PASSED [  0%]
tests/integration/test_core_workflows.py::TestDocumentProcessingWorkflow::test_document_processing_workflow FAILED [  0%]
tests/integration/test_core_workflows.py::TestDocumentProcessingWorkflow::test_error_recovery_workflow FAILED [  0%]
tests/integration/test_core_workflows.py::TestEmbeddingWorkflow::test_embedding_batch_processing FAILED [  0%]
tests/integration/test_core_workflows.py::TestEmbeddingWorkflow::test_embedding_error_handling FAILED [  0%]
tests/integration/test_core_workflows.py::TestEmbeddingWorkflow::test_embedding_pipeline_openai FAILED [  1%]
tests/integration/test_core_workflows.py::TestEmbeddingWorkflow::test_embedding_pipeline_vertex FAILED [  1%]
tests/integration/test_core_workflows.py::TestSecurityWorkflow::test_command_validation_workflow FAILED [  1%]
tests/integration/test_core_workflows.py::TestSecurityWorkflow::test_environment_variable_workflow FAILED [  1%]
tests/integration/test_core_workflows.py::TestSecurityWorkflow::test_path_validation_workflow FAILED [  1%]
tests/integration/test_core_workflows.py::TestIndexWorkflow::test_index_creation_workflow FAILED [  2%]
tests/integration/test_core_workflows.py::TestIndexWorkflow::test_index_repair_workflow FAILED [  2%]
tests/integration/test_core_workflows.py::TestMonitoringWorkflow::test_diagnostics_workflow FAILED [  2%]
tests/integration/test_core_workflows.py::TestMonitoringWorkflow::test_index_monitoring_workflow FAILED [  2%]
tests/integration/test_core_workflows.py::TestMonitoringWorkflow::test_statistics_workflow FAILED [  2%]
tests/integration/test_core_workflows.py::TestEmailProcessingWorkflow::test_conversation_loading_workflow FAILED [  3%]
tests/integration/test_core_workflows.py::TestEmailProcessingWorkflow::test_email_parsing_workflow PASSED [  3%]
tests/integration/test_core_workflows.py::TestEndToEndWorkflow::test_complete_pipeline FAILED [  3%]
tests/integration/test_embedding_pipeline.py::TestEmbeddingGeneration::test_embed_texts_with_mock_provider PASSED [  3%]
tests/integration/test_embedding_pipeline.py::TestEmbeddingGeneration::test_embed_empty_list_returns_empty_array PASSED [  3%]
tests/integration/test_embedding_pipeline.py::TestEmbeddingGeneration::test_embed_single_text_returns_single_embedding PASSED [  4%]
tests/integration/test_embedding_pipeline.py::TestBatchProcessing::test_batch_processing_maintains_order PASSED [  4%]
tests/integration/test_embedding_pipeline.py::TestBatchProcessing::test_large_batch_processing PASSED [  4%]
tests/integration/test_embedding_pipeline.py::TestBatchProcessing::test_batch_processing_with_various_lengths PASSED [  4%]
tests/integration/test_embedding_pipeline.py::TestEmbeddingQuality::test_embeddings_are_deterministic_with_same_input PASSED [  4%]
tests/integration/test_embedding_pipeline.py::TestEmbeddingQuality::test_embeddings_have_no_nan_or_inf PASSED [  5%]
tests/integration/test_embedding_pipeline.py::TestEmbeddingQuality::test_embedding_vectors_are_not_zero PASSED [  5%]
tests/integration/test_embedding_pipeline.py::TestEmbeddingErrorHandling::test_handles_special_characters PASSED [  5%]
tests/integration/test_embedding_pipeline.py::TestEmbeddingErrorHandling::test_handles_very_long_text PASSED [  5%]
tests/integration/test_embedding_pipeline.py::TestEmbeddingErrorHandling::test_handles_empty_strings PASSED [  5%]
tests/integration/test_embedding_pipeline.py::TestEmbeddingIndexIntegration::test_embeddings_align_with_chunks PASSED [  5%]
tests/integration/test_embedding_pipeline.py::TestEmbeddingIndexIntegration::test_embedding_dimensions_match_metadata PASSED [  6%]
tests/integration/test_embedding_pipeline.py::TestEmbeddingPerformance::test_process_many_texts_efficiently PASSED [  6%]
tests/integration/test_embedding_pipeline.py::TestProviderBehavior::test_vertex_provider_initialization PASSED [  6%]
tests/integration/test_embedding_pipeline.py::TestProviderBehavior::test_provider_fallback_behavior PASSED [  6%]
tests/integration/test_embedding_pipeline.py::TestEmbeddingDataFlow::test_complete_data_flow_chunks_to_embeddings PASSED [  6%]
tests/integration/test_embedding_pipeline.py::TestEmbeddingDataFlow::test_embedding_metadata_consistency PASSED [  7%]
tests/integration/test_index_workflow.py::TestIndexCreationWorkflow::test_create_index_from_documents_to_final_index PASSED [  7%]
tests/integration/test_index_workflow.py::TestIndexCreationWorkflow::test_index_alignment_verification_workflow PASSED [  7%]
tests/integration/test_index_workflow.py::TestIndexCreationWorkflow::test_index_recovery_from_partial_state PASSED [  7%]
tests/integration/test_index_workflow.py::TestMultiDocumentIndexing::test_index_multiple_documents_maintains_consistency PASSED [  7%]
tests/integration/test_index_workflow.py::TestMultiDocumentIndexing::test_index_with_attachments_and_conversations PASSED [  8%]
tests/integration/test_index_workflow.py::TestIndexUpdateAndRepair::test_append_new_documents_to_existing_index PASSED [  8%]
tests/integration/test_index_workflow.py::TestIndexUpdateAndRepair::test_repair_corrupted_embeddings PASSED [  8%]
tests/integration/test_index_workflow.py::TestIndexPerformance::test_index_with_large_number_of_documents PASSED [  8%]
tests/integration/test_index_workflow.py::TestIndexErrorRecovery::test_recovery_from_incomplete_indexing PASSED [  8%]
tests/integration/test_index_workflow.py::TestIndexErrorRecovery::test_recovery_from_dimension_mismatch PASSED [  9%]
tests/integration/test_security_integration.py::TestEndToEndPathValidation::test_malicious_path_workflow PASSED [  9%]
tests/integration/test_security_integration.py::TestEndToEndPathValidation::test_safe_path_workflow PASSED [  9%]
tests/integration/test_security_integration.py::TestEndToEndPathValidation::test_symlink_security_workflow PASSED [  9%]
tests/integration/test_security_integration.py::TestEndToEndPathValidation::test_unicode_attack_prevention PASSED [  9%]
tests/integration/test_security_integration.py::TestCommandExecutionSecurity::test_command_injection_prevention_workflow PASSED [ 10%]
tests/integration/test_security_integration.py::TestCommandExecutionSecurity::test_whitelist_enforcement PASSED [ 10%]
tests/integration/test_security_integration.py::TestCommandExecutionSecurity::test_safe_command_execution PASSED [ 10%]
tests/integration/test_security_integration.py::TestCommandExecutionSecurity::test_environment_variable_injection_prevention PASSED [ 10%]
tests/integration/test_security_integration.py::TestConfigurationSecurity::test_credential_loading_security PASSED [ 10%]
tests/integration/test_security_integration.py::TestConfigurationSecurity::test_no_sensitive_data_in_logs PASSED [ 11%]
tests/integration/test_security_integration.py::TestConfigurationSecurity::test_secure_defaults PASSED [ 11%]
tests/integration/test_security_integration.py::TestConfigurationSecurity::test_environment_variable_precedence PASSED [ 11%]
tests/integration/test_security_integration.py::TestConfigurationSecurity::test_project_id_validation_integration PASSED [ 11%]
tests/integration/test_security_integration.py::TestSecurityWorkflowIntegration::test_file_processing_security_workflow PASSED [ 11%]
tests/integration/test_security_integration.py::TestSecurityWorkflowIntegration::test_configuration_initialization_security PASSED [ 11%]
tests/integration/test_security_integration.py::TestSecurityWorkflowIntegration::test_complete_security_validation_pipeline PASSED [ 12%]
tests/integration/test_security_integration.py::TestSecurityMonitoring::test_attack_pattern_detection PASSED [ 12%]
tests/integration/test_security_integration.py::TestSecurityMonitoring::test_logging_safety PASSED [ 12%]
tests/test_all_accounts_live.py::test_parallel_calls SKIPPED (GCP
credentials not available for testing)                                   [ 12%]
tests/unit/test_config.py::TestEmailOpsConfig::test_load_from_environment PASSED [ 12%]
tests/unit/test_config.py::TestEmailOpsConfig::test_default_values PASSED [ 13%]
tests/unit/test_config.py::TestEmailOpsConfig::test_invalid_type_conversions PASSED [ 13%]
tests/unit/test_config.py::TestEmailOpsConfig::test_valid_type_conversions PASSED [ 13%]
tests/unit/test_config.py::TestEmailOpsConfig::test_get_secrets_dir_absolute_path PASSED [ 13%]
tests/unit/test_config.py::TestEmailOpsConfig::test_get_secrets_dir_relative_to_cwd PASSED [ 13%]
tests/unit/test_config.py::TestEmailOpsConfig::test_get_secrets_dir_relative_to_package PASSED [ 14%]
tests/unit/test_config.py::TestEmailOpsConfig::test_get_secrets_dir_nonexistent PASSED [ 14%]
tests/unit/test_config.py::TestEmailOpsConfig::test_get_credential_file_from_env PASSED [ 14%]
tests/unit/test_config.py::TestEmailOpsConfig::test_get_credential_file_from_priority_list PASSED [ 14%]
tests/unit/test_config.py::TestEmailOpsConfig::test_get_credential_file_invalid_json PASSED [ 14%]
tests/unit/test_config.py::TestEmailOpsConfig::test_get_credential_file_missing_required_fields PASSED [ 15%]
tests/unit/test_config.py::TestEmailOpsConfig::test_get_credential_file_no_secrets_dir PASSED [ 15%]
tests/unit/test_config.py::TestEmailOpsConfig::test_credential_priority_order PASSED [ 15%]
tests/unit/test_config.py::TestEmailOpsConfig::test_update_environment PASSED [ 15%]
tests/unit/test_config.py::TestEmailOpsConfig::test_update_environment_no_gcp_project PASSED [ 15%]
tests/unit/test_config.py::TestEmailOpsConfig::test_update_environment_no_credentials PASSED [ 16%]
tests/unit/test_config.py::TestEmailOpsConfig::test_to_dict PASSED       [ 16%]
tests/unit/test_config.py::TestEmailOpsConfig::test_to_dict_with_none_values PASSED [ 16%]
tests/unit/test_config.py::TestEmailOpsConfig::test_allowed_file_patterns_default PASSED [ 16%]
tests/unit/test_config.py::TestEmailOpsConfig::test_credential_files_priority_default PASSED [ 16%]
tests/unit/test_config.py::TestSingletonPattern::test_get_config_returns_same_instance PASSED [ 17%]
tests/unit/test_config.py::TestSingletonPattern::test_reset_config_clears_singleton PASSED [ 17%]
tests/unit/test_config.py::TestSingletonPattern::test_singleton_preserves_initial_values PASSED [ 17%]
tests/unit/test_config.py::TestSingletonPattern::test_concurrent_access PASSED [ 17%]
tests/unit/test_config.py::TestEdgeCases::test_zero_workers PASSED       [ 17%]
tests/unit/test_config.py::TestEdgeCases::test_zero_chunk_size PASSED    [ 17%]
tests/unit/test_config.py::TestEdgeCases::test_negative_chunk_overlap PASSED [ 18%]
tests/unit/test_config.py::TestEdgeCases::test_empty_log_level PASSED    [ 18%]
tests/unit/test_config.py::TestEdgeCases::test_very_long_paths PASSED    [ 18%]
tests/unit/test_config.py::TestEdgeCases::test_special_characters_in_paths PASSED [ 18%]
tests/unit/test_config.py::TestIntegration::test_complete_configuration_workflow PASSED [ 18%]
tests/unit/test_config.py::TestIntegration::test_config_with_missing_dependencies PASSED [ 19%]
tests/unit/test_diagnostics.py::test_account <- diagnostics\diagnostics.py ERROR [ 19%]
tests/unit/test_diagnostics.py::TestAccountTesting::test_account_with_missing_credentials_returns_failure PASSED [ 19%]
tests/unit/test_diagnostics.py::TestAccountTesting::test_account_with_valid_setup_returns_success PASSED [ 19%]
tests/unit/test_diagnostics.py::TestAccountTesting::test_account_with_init_failure_returns_error PASSED [ 19%]
tests/unit/test_diagnostics.py::TestAccountTesting::test_account_with_embedding_failure_returns_error PASSED [ 20%]
tests/unit/test_diagnostics.py::TestAccountTesting::test_account_with_empty_embeddings_returns_failure PASSED [ 20%]
tests/unit/test_diagnostics.py::TestVerifyIndexAlignment::test_verify_with_missing_index_dir_exits PASSED [ 20%]
tests/unit/test_diagnostics.py::TestVerifyIndexAlignment::test_verify_with_missing_mapping_exits PASSED [ 20%]
tests/unit/test_diagnostics.py::TestVerifyIndexAlignment::test_verify_with_valid_index_succeeds PASSED [ 20%]
tests/unit/test_diagnostics.py::TestVerifyIndexAlignment::test_verify_with_mismatched_counts_exits PASSED [ 21%]
tests/unit/test_diagnostics.py::TestVerifyIndexAlignment::test_verify_with_missing_required_field_exits PASSED [ 21%]
tests/unit/test_diagnostics.py::TestVerifyIndexAlignment::test_verify_with_duplicate_ids_exits PASSED [ 21%]
tests/unit/test_diagnostics.py::TestVerifyIndexAlignment::test_verify_with_invalid_doctype_exits PASSED [ 21%]
tests/unit/test_diagnostics.py::TestCheckIndexConsistency::test_check_with_missing_index_returns_error PASSED [ 21%]
tests/unit/test_diagnostics.py::TestCheckIndexConsistency::test_check_with_valid_index_returns_healthy PASSED [ 22%]
tests/unit/test_diagnostics.py::TestCheckIndexConsistency::test_check_with_missing_mapping_returns_errors PASSED [ 22%]
tests/unit/test_diagnostics.py::TestCheckIndexConsistency::test_check_with_mismatched_counts_returns_critical PASSED [ 22%]
tests/unit/test_diagnostics.py::TestCheckIndexConsistency::test_check_with_duplicate_ids_returns_error PASSED [ 22%]
tests/unit/test_diagnostics.py::TestCheckIndexConsistency::test_check_includes_timestamp PASSED [ 22%]
tests/unit/test_diagnostics.py::TestCheckIndexConsistency::test_check_includes_recommendations_for_errors PASSED [ 23%]
tests/unit/test_diagnostics.py::TestCheckIndexConsistency::test_check_validates_meta_dimensions PASSED [ 23%]
tests/unit/test_diagnostics.py::TestFieldValidation::test_required_fields_constant_is_complete PASSED [ 23%]
tests/unit/test_diagnostics.py::TestFieldValidation::test_valid_doctypes_constant_is_correct PASSED [ 23%]
tests/unit/test_diagnostics.py::TestFieldValidation::test_mapping_entry_with_all_fields_is_valid PASSED [ 23%]
tests/unit/test_diagnostics.py::TestFieldValidation::test_mapping_entry_doctype_validation PASSED [ 23%]
tests/unit/test_diagnostics.py::TestDiagnosticsEdgeCases::test_check_with_empty_mapping_returns_healthy PASSED [ 24%]
tests/unit/test_diagnostics.py::TestDiagnosticsEdgeCases::test_check_with_corrupted_json_returns_error PASSED [ 24%]
tests/unit/test_diagnostics.py::TestDiagnosticsEdgeCases::test_verify_with_non_string_snippet_exits PASSED [ 24%]
tests/unit/test_emailops_utils.py::TestStripControlChars::test_strip_control_chars_empty_string PASSED [ 24%]
tests/unit/test_emailops_utils.py::TestStripControlChars::test_strip_control_chars_none PASSED [ 24%]
tests/unit/test_emailops_utils.py::TestStripControlChars::test_strip_control_chars_normalizes_line_endings PASSED [ 25%]
tests/unit/test_emailops_utils.py::TestStripControlChars::test_strip_control_chars_preserves_tab_and_newline PASSED [ 25%]
tests/unit/test_emailops_utils.py::TestStripControlChars::test_strip_control_chars_removes_control_chars PASSED [ 25%]
tests/unit/test_emailops_utils.py::TestStripControlChars::test_strip_control_chars_with_unicode PASSED [ 25%]
tests/unit/test_emailops_utils.py::TestReadTextFile::test_read_text_file_nonexistent PASSED [ 25%]
tests/unit/test_emailops_utils.py::TestReadTextFile::test_read_text_file_utf16 PASSED [ 26%]
tests/unit/test_emailops_utils.py::TestReadTextFile::test_read_text_file_utf8 PASSED [ 26%]
tests/unit/test_emailops_utils.py::TestReadTextFile::test_read_text_file_utf8_with_bom PASSED [ 26%]
tests/unit/test_emailops_utils.py::TestReadTextFile::test_read_text_file_with_control_chars PASSED [ 26%]
tests/unit/test_emailops_utils.py::TestReadTextFile::test_read_text_file_with_max_chars PASSED [ 26%]
tests/unit/test_emailops_utils.py::TestHtmlToText::test_html_to_text_complex PASSED [ 27%]
tests/unit/test_emailops_utils.py::TestHtmlToText::test_html_to_text_empty PASSED [ 27%]
tests/unit/test_emailops_utils.py::TestHtmlToText::test_html_to_text_simple PASSED [ 27%]
tests/unit/test_emailops_utils.py::TestHtmlToText::test_html_to_text_with_scripts PASSED [ 27%]
tests/unit/test_emailops_utils.py::TestHtmlToText::test_html_to_text_with_styles PASSED [ 27%]
tests/unit/test_emailops_utils.py::TestHtmlToText::test_html_to_text_without_beautifulsoup FAILED [ 28%]
tests/unit/test_emailops_utils.py::TestExtractText::test_extract_text_docx_file FAILED [ 28%]
tests/unit/test_emailops_utils.py::TestExtractText::test_extract_text_html_file PASSED [ 28%]
tests/unit/test_emailops_utils.py::TestExtractText::test_extract_text_json_file PASSED [ 28%]
tests/unit/test_emailops_utils.py::TestExtractText::test_extract_text_pdf_file FAILED [ 28%]
tests/unit/test_emailops_utils.py::TestExtractText::test_extract_text_txt_file PASSED [ 29%]
tests/unit/test_emailops_utils.py::TestExtractText::test_extract_text_unsupported_format PASSED [ 29%]
tests/unit/test_emailops_utils.py::TestExtractText::test_extract_text_with_max_chars PASSED [ 29%]
tests/unit/test_emailops_utils.py::TestCleanEmailText::test_clean_email_text_empty PASSED [ 29%]
tests/unit/test_emailops_utils.py::TestCleanEmailText::test_clean_email_text_normalizes_whitespace PASSED [ 29%]
tests/unit/test_emailops_utils.py::TestCleanEmailText::test_clean_email_text_redacts_emails PASSED [ 29%]
tests/unit/test_emailops_utils.py::TestCleanEmailText::test_clean_email_text_redacts_urls PASSED [ 30%]
tests/unit/test_emailops_utils.py::TestCleanEmailText::test_clean_email_text_removes_headers PASSED [ 30%]
tests/unit/test_emailops_utils.py::TestCleanEmailText::test_clean_email_text_removes_quoted_text PASSED [ 30%]
tests/unit/test_emailops_utils.py::TestCleanEmailText::test_clean_email_text_removes_signatures PASSED [ 30%]
tests/unit/test_emailops_utils.py::TestCleanEmailText::test_clean_email_text_with_bom PASSED [ 30%]
tests/unit/test_emailops_utils.py::TestExtractEmailMetadata::test_extract_email_metadata_case_insensitive PASSED [ 31%]
tests/unit/test_emailops_utils.py::TestExtractEmailMetadata::test_extract_email_metadata_empty PASSED [ 31%]
tests/unit/test_emailops_utils.py::TestExtractEmailMetadata::test_extract_email_metadata_full_headers PASSED [ 31%]
tests/unit/test_emailops_utils.py::TestExtractEmailMetadata::test_extract_email_metadata_partial_headers PASSED [ 31%]
tests/unit/test_emailops_utils.py::TestSplitEmailThread::test_split_email_thread_empty PASSED [ 31%]
tests/unit/test_emailops_utils.py::TestSplitEmailThread::test_split_email_thread_single_message PASSED [ 32%]
tests/unit/test_emailops_utils.py::TestSplitEmailThread::test_split_email_thread_with_dates FAILED [ 32%]
tests/unit/test_emailops_utils.py::TestSplitEmailThread::test_split_email_thread_with_forwarded_message PASSED [ 32%]
tests/unit/test_emailops_utils.py::TestSplitEmailThread::test_split_email_thread_with_on_wrote PASSED [ 32%]
tests/unit/test_emailops_utils.py::TestSplitEmailThread::test_split_email_thread_with_original_message PASSED [ 32%]
tests/unit/test_emailops_utils.py::TestFindConversationDirs::test_find_conversation_dirs_empty PASSED [ 33%]
tests/unit/test_emailops_utils.py::TestFindConversationDirs::test_find_conversation_dirs_multiple PASSED [ 33%]
tests/unit/test_emailops_utils.py::TestFindConversationDirs::test_find_conversation_dirs_single PASSED [ 33%]
tests/unit/test_emailops_utils.py::TestLoadConversation::test_load_conversation_empty_dir PASSED [ 33%]
tests/unit/test_emailops_utils.py::TestLoadConversation::test_load_conversation_with_attachments PASSED [ 33%]
tests/unit/test_emailops_utils.py::TestLoadConversation::test_load_conversation_with_bom_in_files PASSED [ 34%]
tests/unit/test_emailops_utils.py::TestLoadConversation::test_load_conversation_with_manifest PASSED [ 34%]
tests/unit/test_emailops_utils.py::TestLoadConversation::test_load_conversation_with_summary PASSED [ 34%]
tests/unit/test_emailops_utils.py::TestLoadConversation::test_load_conversation_with_text PASSED [ 34%]
tests/unit/test_emailops_utils.py::TestEnsureDir::test_ensure_dir_creates_directory PASSED [ 34%]
tests/unit/test_emailops_utils.py::TestEnsureDir::test_ensure_dir_creates_nested_directories PASSED [ 35%]
tests/unit/test_emailops_utils.py::TestEnsureDir::test_ensure_dir_idempotent PASSED [ 35%]
tests/unit/test_emailops_utils.py::TestPerson::test_person_age_before_birthday PASSED [ 35%]
tests/unit/test_emailops_utils.py::TestPerson::test_person_age_calculation PASSED [ 35%]
tests/unit/test_emailops_utils.py::TestPerson::test_person_age_empty_birthdate PASSED [ 35%]
tests/unit/test_emailops_utils.py::TestPerson::test_person_age_invalid_birthdate PASSED [ 35%]
tests/unit/test_emailops_utils.py::TestPerson::test_person_getAge_method PASSED [ 36%]
tests/unit/test_emailops_utils.py::TestPerson::test_person_initialization PASSED [ 36%]
tests/unit/test_emailops_utils.py::TestFileExtensions::test_docx_extensions PASSED [ 36%]
tests/unit/test_emailops_utils.py::TestFileExtensions::test_email_extensions PASSED [ 36%]
tests/unit/test_emailops_utils.py::TestFileExtensions::test_excel_extensions PASSED [ 36%]
tests/unit/test_emailops_utils.py::TestFileExtensions::test_pdf_extensions PASSED [ 37%]
tests/unit/test_emailops_utils.py::TestFileExtensions::test_ppt_extensions PASSED [ 37%]
tests/unit/test_emailops_utils.py::TestFileExtensions::test_rtf_extensions PASSED [ 37%]
tests/unit/test_emailops_utils.py::TestFileExtensions::test_text_extensions PASSED [ 37%]
tests/unit/test_emailops_utils.py::TestEmailParsing::test_extract_eml_success FAILED [ 37%]
tests/unit/test_emailops_utils.py::TestEmailParsing::test_extract_msg_success FAILED [ 38%]
tests/unit/test_env_utils.py::TestEnvUtils::test_all_exported_symbols_exist PASSED [ 38%]
tests/unit/test_env_utils.py::TestEnvUtils::test_all_exports_list PASSED [ 38%]
tests/unit/test_env_utils.py::TestEnvUtils::test_default_accounts_exported FAILED [ 38%]
tests/unit/test_env_utils.py::TestEnvUtils::test_exception_inheritance PASSED [ 38%]
tests/unit/test_env_utils.py::TestEnvUtils::test_function_forwarding_with_args_and_kwargs FAILED [ 39%]
tests/unit/test_env_utils.py::TestEnvUtils::test_init_vertex_exported FAILED [ 39%]
tests/unit/test_env_utils.py::TestEnvUtils::test_llmerror_exported FAILED [ 39%]
tests/unit/test_env_utils.py::TestEnvUtils::test_load_validated_accounts_exported FAILED [ 39%]
tests/unit/test_env_utils.py::TestEnvUtils::test_module_does_not_mutate_runtime PASSED [ 39%]
tests/unit/test_env_utils.py::TestEnvUtils::test_no_additional_symbols_exported FAILED [ 40%]
tests/unit/test_env_utils.py::TestEnvUtils::test_reset_vertex_init_exported FAILED [ 40%]
tests/unit/test_env_utils.py::TestEnvUtils::test_save_validated_accounts_exported FAILED [ 40%]
tests/unit/test_env_utils.py::TestEnvUtils::test_validate_account_exported FAILED [ 40%]
tests/unit/test_env_utils.py::TestEnvUtils::test_vertex_account_exported FAILED [ 40%]
tests/unit/test_env_utils.py::TestEnvUtilsErrorHandling::test_missing_runtime_attribute FAILED [ 41%]
tests/unit/test_env_utils.py::TestEnvUtilsErrorHandling::test_runtime_function_raises_error FAILED [ 41%]
tests/unit/test_env_utils.py::TestEnvUtilsErrorHandling::test_runtime_module_import_error FAILED [ 41%]
tests/unit/test_env_utils.py::TestEnvUtilsIntegration::test_chained_function_calls FAILED [ 41%]
tests/unit/test_env_utils.py::TestEnvUtilsIntegration::test_default_accounts_modification FAILED [ 41%]
tests/unit/test_env_utils.py::TestEnvUtilsIntegration::test_vertex_account_instantiation FAILED [ 41%]
tests/unit/test_llm_client.py::TestLLMClient::test_complete_alias FAILED [ 42%]
tests/unit/test_llm_client.py::TestLLMClient::test_complete_json FAILED  [ 42%]
tests/unit/test_llm_client.py::TestLLMClient::test_complete_text FAILED  [ 42%]
tests/unit/test_llm_client.py::TestLLMClient::test_dir_removes_duplicates PASSED [ 42%]
tests/unit/test_llm_client.py::TestLLMClient::test_dir_returns_sorted_all FAILED [ 42%]
tests/unit/test_llm_client.py::TestLLMClient::test_embed_texts FAILED    [ 43%]
tests/unit/test_llm_client.py::TestLLMClient::test_embed_with_bytearray_raises PASSED [ 43%]
tests/unit/test_llm_client.py::TestLLMClient::test_embed_with_bytes_raises PASSED [ 43%]
tests/unit/test_llm_client.py::TestLLMClient::test_embed_with_generator FAILED [ 43%]
tests/unit/test_llm_client.py::TestLLMClient::test_embed_with_list FAILED [ 43%]
tests/unit/test_llm_client.py::TestLLMClient::test_embed_with_memoryview_raises PASSED [ 44%]
tests/unit/test_llm_client.py::TestLLMClient::test_embed_with_mixed_types_raises PASSED [ 44%]
tests/unit/test_llm_client.py::TestLLMClient::test_embed_with_non_string_elements_raises PASSED [ 44%]
tests/unit/test_llm_client.py::TestLLMClient::test_embed_with_single_string_raises PASSED [ 44%]
tests/unit/test_llm_client.py::TestLLMClient::test_embed_with_tuple FAILED [ 44%]
tests/unit/test_llm_client.py::TestLLMClient::test_getattr_all_deduplicates FAILED [ 45%]
tests/unit/test_llm_client.py::TestLLMClient::test_getattr_all_with_llmerror FAILED [ 45%]
tests/unit/test_llm_client.py::TestLLMClient::test_getattr_all_without_llmerror FAILED [ 45%]
tests/unit/test_llm_client.py::TestLLMClient::test_getattr_forwards_to_runtime FAILED [ 45%]
tests/unit/test_llm_client.py::TestLLMClient::test_getattr_llmerror FAILED [ 45%]
tests/unit/test_llm_client.py::TestLLMClient::test_getattr_missing_attribute PASSED [ 46%]
tests/unit/test_llm_client.py::TestLLMClient::test_json_complete_alias FAILED [ 46%]
tests/unit/test_llm_client.py::TestLLMClient::test_rt_attr_missing PASSED [ 46%]
tests/unit/test_llm_client.py::TestLLMClient::test_rt_attr_success FAILED [ 46%]
tests/unit/test_llm_client.py::TestLLMClient::test_runtime_exports_filters_non_strings FAILED [ 46%]
tests/unit/test_llm_client.py::TestLLMClient::test_runtime_exports_invalid_all PASSED [ 47%]
tests/unit/test_llm_client.py::TestLLMClient::test_runtime_exports_no_all_attribute PASSED [ 47%]
tests/unit/test_llm_client.py::TestLLMClient::test_runtime_exports_with_iterable FAILED [ 47%]
tests/unit/test_llm_client.py::TestLLMClient::test_runtime_exports_with_list FAILED [ 47%]
tests/unit/test_llm_client.py::TestLLMClient::test_runtime_exports_with_tuple FAILED [ 47%]
tests/unit/test_llm_client.py::TestLLMClientIntegration::test_complete_text_error_handling FAILED [ 47%]
tests/unit/test_llm_client.py::TestLLMClientIntegration::test_embed_empty_list FAILED [ 48%]
tests/unit/test_llm_client.py::TestLLMClientIntegration::test_multiple_kwargs_forwarding FAILED [ 48%]
tests/unit/test_llm_client.py::TestLLMClientIntegration::test_runtime_attribute_caching_not_performed FAILED [ 48%]
tests/unit/test_llm_client.py::TestLLMClientEdgeCases::test_embed_with_empty_generator FAILED [ 48%]
tests/unit/test_llm_client.py::TestLLMClientEdgeCases::test_runtime_exports_import_error PASSED [ 48%]
tests/unit/test_llm_client.py::TestLLMClientEdgeCases::test_type_checking_imports PASSED [ 49%]
tests/unit/test_monitor.py::TestColorUtilities::test_supports_color_returns_boolean PASSED [ 49%]
tests/unit/test_monitor.py::TestColorUtilities::test_supports_color_with_no_color_env_returns_false PASSED [ 49%]
tests/unit/test_monitor.py::TestColorUtilities::test_colored_with_color_support_adds_codes PASSED [ 49%]
tests/unit/test_monitor.py::TestColorUtilities::test_colored_without_color_support_returns_plain PASSED [ 49%]
tests/unit/test_monitor.py::TestIndexStatus::test_index_status_initialization PASSED [ 50%]
tests/unit/test_monitor.py::TestIndexStatus::test_index_status_to_dict_returns_dict PASSED [ 50%]
tests/unit/test_monitor.py::TestProcessInfo::test_process_info_initialization PASSED [ 50%]
tests/unit/test_monitor.py::TestProcessInfo::test_process_info_to_dict_returns_dict PASSED [ 50%]
tests/unit/test_monitor.py::TestIndexMonitorInit::test_index_monitor_with_default_params PASSED [ 50%]
tests/unit/test_monitor.py::TestIndexMonitorInit::test_index_monitor_with_custom_index_dirname PASSED [ 51%]
tests/unit/test_monitor.py::TestIndexMonitorInit::test_index_monitor_with_custom_active_window PASSED [ 51%]
tests/unit/test_monitor.py::TestIndexMonitorInit::test_index_monitor_without_root_uses_cwd PASSED [ 51%]
tests/unit/test_monitor.py::TestIndexMonitorInit::test_index_monitor_expands_user_path PASSED [ 51%]
tests/unit/test_monitor.py::TestCheckStatus::test_check_status_with_missing_index_returns_not_exists PASSED [ 51%]
tests/unit/test_monitor.py::TestCheckStatus::test_check_status_with_valid_index_returns_status PASSED [ 52%]
tests/unit/test_monitor.py::TestCheckStatus::test_check_status_counts_documents_from_mapping PASSED [ 52%]
tests/unit/test_monitor.py::TestCheckStatus::test_check_status_detects_active_indexing PASSED [ 52%]
tests/unit/test_monitor.py::TestCheckStatus::test_check_status_detects_inactive_indexing PASSED [ 52%]
tests/unit/test_monitor.py::TestCheckStatus::test_check_status_finds_index_file PASSED [ 52%]
tests/unit/test_monitor.py::TestCheckStatus::test_check_status_calculates_progress PASSED [ 52%]
tests/unit/test_monitor.py::TestCheckStatus::test_check_status_loads_metadata PASSED [ 53%]
tests/unit/test_monitor.py::TestAnalyzeRate::test_analyze_rate_with_no_documents_returns_empty PASSED [ 53%]
tests/unit/test_monitor.py::TestAnalyzeRate::test_analyze_rate_with_valid_index_calculates_rate PASSED [ 53%]
tests/unit/test_monitor.py::TestAnalyzeRate::test_analyze_rate_estimates_completion_time PASSED [ 53%]
tests/unit/test_monitor.py::TestAnalyzeRate::test_analyze_rate_without_created_time_returns_empty PASSED [ 53%]
tests/unit/test_monitor.py::TestFindProcesses::test_find_processes_returns_list PASSED [ 54%]
tests/unit/test_monitor.py::TestFindProcesses::test_find_processes_without_psutil_returns_empty PASSED [ 54%]
tests/unit/test_monitor.py::TestFindProcesses::test_find_processes_filters_python_processes PASSED [ 54%]
tests/unit/test_monitor.py::TestCheckProcess::test_check_process_without_psutil_returns_none PASSED [ 54%]
tests/unit/test_monitor.py::TestCheckProcess::test_check_process_with_nonexistent_pid_returns_none PASSED [ 54%]
tests/unit/test_monitor.py::TestHelperMethods::test_load_mapping_with_valid_file PASSED [ 55%]
tests/unit/test_monitor.py::TestHelperMethods::test_load_mapping_with_missing_file PASSED [ 55%]
tests/unit/test_monitor.py::TestHelperMethods::test_count_conversations_with_conversation_dirs PASSED [ 55%]
tests/unit/test_monitor.py::TestHelperMethods::test_estimate_conversations_indexed PASSED [ 55%]
tests/unit/test_monitor.py::TestHelperMethods::test_get_created_time_from_meta PASSED [ 55%]
tests/unit/test_monitor.py::TestHelperMethods::test_get_created_time_with_missing_meta PASSED [ 56%]
tests/unit/test_monitor.py::TestHelperMethods::test_find_newest_artifact_finds_recent_file PASSED [ 56%]
tests/unit/test_monitor.py::TestMonitorEdgeCases::test_check_status_with_empty_mapping PASSED [ 56%]
tests/unit/test_monitor.py::TestMonitorEdgeCases::test_check_status_with_corrupted_mapping PASSED [ 56%]
tests/unit/test_monitor.py::TestMonitorEdgeCases::test_analyze_rate_with_zero_elapsed_time PASSED [ 56%]
tests/unit/test_monitor.py::TestMonitorEdgeCases::test_progress_calculation_with_zero_total PASSED [ 57%]
tests/unit/test_monitor.py::TestMonitorEdgeCases::test_check_status_with_very_large_index PASSED [ 57%]
tests/unit/test_processor.py::TestDataClasses::test_chunk_job_default_priority PASSED [ 57%]
tests/unit/test_processor.py::TestDataClasses::test_chunk_job_initialization PASSED [ 57%]
tests/unit/test_processor.py::TestDataClasses::test_processing_stats_estimated_time_remaining PASSED [ 57%]
tests/unit/test_processor.py::TestDataClasses::test_processing_stats_progress_percent PASSED [ 58%]
tests/unit/test_processor.py::TestDataClasses::test_processing_stats_progress_percent_zero_total PASSED [ 58%]
tests/unit/test_processor.py::TestDataClasses::test_worker_config_initialization PASSED [ 58%]
tests/unit/test_processor.py::TestDataClasses::test_worker_stats_estimated_time_remaining PASSED [ 58%]
tests/unit/test_processor.py::TestDataClasses::test_worker_stats_no_eta_when_no_progress PASSED [ 58%]
tests/unit/test_processor.py::TestDataClasses::test_worker_stats_progress_percent PASSED [ 58%]
tests/unit/test_processor.py::TestDataClasses::test_worker_stats_progress_percent_zero_total PASSED [ 59%]
tests/unit/test_processor.py::TestHelperFunctions::test_initialize_gcp_credentials_from_config PASSED [ 59%]
tests/unit/test_processor.py::TestHelperFunctions::test_initialize_gcp_credentials_from_env FAILED [ 59%]
tests/unit/test_processor.py::TestHelperFunctions::test_initialize_gcp_credentials_no_env FAILED [ 59%]
tests/unit/test_processor.py::TestHelperFunctions::test_safe_filename_for_doc_long_name PASSED [ 59%]
tests/unit/test_processor.py::TestHelperFunctions::test_safe_filename_for_doc_simple PASSED [ 60%]
tests/unit/test_processor.py::TestHelperFunctions::test_safe_filename_for_doc_special_chars PASSED [ 60%]
tests/unit/test_processor.py::TestHelperFunctions::test_save_chunks_to_path PASSED [ 60%]
tests/unit/test_processor.py::TestUnifiedProcessor::test_build_chunk_config_kwargs FAILED [ 60%]
tests/unit/test_processor.py::TestUnifiedProcessor::test_distribute_chunking_work FAILED [ 60%]
tests/unit/test_processor.py::TestUnifiedProcessor::test_find_documents_basic FAILED [ 61%]
tests/unit/test_processor.py::TestUnifiedProcessor::test_find_documents_test_mode FAILED [ 61%]
tests/unit/test_processor.py::TestUnifiedProcessor::test_find_documents_with_resume FAILED [ 61%]
tests/unit/test_processor.py::TestUnifiedProcessor::test_init_embed_mode FAILED [ 61%]
tests/unit/test_processor.py::TestUnifiedProcessor::test_init_with_custom_params FAILED [ 61%]
tests/unit/test_processor.py::TestUnifiedProcessor::test_init_with_defaults FAILED [ 62%]
tests/unit/test_processor.py::TestUnifiedProcessor::test_init_without_config FAILED [ 62%]
tests/unit/test_processor.py::TestChunkWorkerEntry::test_chunk_worker_entry_import_error FAILED [ 62%]
tests/unit/test_processor.py::TestChunkWorkerEntry::test_chunk_worker_entry_success FAILED [ 62%]
tests/unit/test_processor.py::TestEmbeddingOperations::test_create_embeddings_no_credentials FAILED [ 62%]
tests/unit/test_processor.py::TestEmbeddingOperations::test_create_embeddings_vertex FAILED [ 63%]
tests/unit/test_processor.py::TestIndexOperations::test_repair_index_no_files FAILED [ 63%]
tests/unit/test_processor.py::TestIndexOperations::test_repair_index_success FAILED [ 63%]
tests/unit/test_processor.py::TestCLI::test_cli_chunk_command PASSED     [ 63%]
tests/unit/test_processor.py::TestCLI::test_cli_embed_command PASSED     [ 63%]
tests/unit/test_processor.py::TestCLI::test_cli_fix_command PASSED       [ 64%]
tests/unit/test_processor.py::TestCLI::test_cli_no_command PASSED        [ 64%]
tests/unit/test_processor.py::TestCLI::test_cli_repair_command PASSED    [ 64%]
tests/unit/test_processor.py::TestErrorHandling::test_embed_from_chunks_error_handling FAILED [ 64%]
tests/unit/test_processor.py::TestErrorHandling::test_fix_failed_embeddings_re_embed_error FAILED [ 64%]
tests/unit/test_processor.py::TestErrorHandling::test_sequential_chunk_import_error FAILED [ 64%]
tests/unit/test_processor.py::TestMonitoringFunctions::test_display_progress_tty FAILED [ 65%]
tests/unit/test_processor.py::TestMonitoringFunctions::test_print_summary FAILED [ 65%]
tests/unit/test_statistics.py::TestAnalyzeFileProcessing::test_analyze_file_processing_runs_without_error PASSED [ 65%]
tests/unit/test_statistics.py::TestAnalyzeFileProcessing::test_analyze_file_processing_shows_chunked_files PASSED [ 65%]
tests/unit/test_statistics.py::TestAnalyzeFileProcessing::test_analyze_file_processing_shows_ignored_files PASSED [ 65%]
tests/unit/test_statistics.py::TestAnalyzeFileProcessing::test_analyze_file_processing_shows_summary PASSED [ 66%]
tests/unit/test_statistics.py::TestGetFileStatistics::test_get_file_statistics_with_empty_directory PASSED [ 66%]
tests/unit/test_statistics.py::TestGetFileStatistics::test_get_file_statistics_counts_conversations PASSED [ 66%]
tests/unit/test_statistics.py::TestGetFileStatistics::test_get_file_statistics_counts_files_by_extension PASSED [ 66%]
tests/unit/test_statistics.py::TestGetFileStatistics::test_get_file_statistics_returns_top_extensions PASSED [ 66%]
tests/unit/test_statistics.py::TestGetFileStatistics::test_get_file_statistics_with_no_extension_files PASSED [ 67%]
tests/unit/test_statistics.py::TestGetFileStatistics::test_get_file_statistics_includes_path_info PASSED [ 67%]
tests/unit/test_statistics.py::TestGetFileStatistics::test_get_file_statistics_handles_nested_directories PASSED [ 67%]
tests/unit/test_statistics.py::TestCountTotalChunks::test_count_total_chunks_with_missing_directory PASSED [ 67%]
tests/unit/test_statistics.py::TestCountTotalChunks::test_count_total_chunks_with_no_files PASSED [ 67%]
tests/unit/test_statistics.py::TestCountTotalChunks::test_count_total_chunks_counts_pickle_files PASSED [ 68%]
tests/unit/test_statistics.py::TestCountTotalChunks::test_count_total_chunks_sums_multiple_files PASSED [ 68%]
tests/unit/test_statistics.py::TestCountTotalChunks::test_count_total_chunks_handles_corrupted_pickle PASSED [ 68%]
tests/unit/test_statistics.py::TestCountTotalChunks::test_count_total_chunks_handles_missing_chunks_key PASSED [ 68%]
tests/unit/test_statistics.py::TestMonitorIndexingProgress::test_monitor_with_missing_log_file PASSED [ 68%]
tests/unit/test_statistics.py::TestMonitorIndexingProgress::test_monitor_with_empty_log_file PASSED [ 69%]
tests/unit/test_statistics.py::TestMonitorIndexingProgress::test_monitor_counts_success_calls PASSED [ 69%]
tests/unit/test_statistics.py::TestMonitorIndexingProgress::test_monitor_counts_errors PASSED [ 69%]
tests/unit/test_statistics.py::TestMonitorIndexingProgress::test_monitor_calculates_activity_status PASSED [ 69%]
tests/unit/test_statistics.py::TestMonitorIndexingProgress::test_monitor_calculates_elapsed_time PASSED [ 69%]
tests/unit/test_statistics.py::TestMonitorIndexingProgress::test_monitor_calculates_processing_rate PASSED [ 70%]
tests/unit/test_statistics.py::TestMonitorIndexingProgress::test_monitor_estimates_completion PASSED [ 70%]
tests/unit/test_statistics.py::TestMonitorIndexingProgress::test_monitor_handles_malformed_timestamps PASSED [ 70%]
tests/unit/test_statistics.py::TestStatisticsIntegration::test_full_workflow_with_mock_data PASSED [ 70%]
tests/unit/test_statistics.py::TestStatisticsIntegration::test_statistics_with_multiple_conversations PASSED [ 70%]
tests/unit/test_statistics.py::TestStatisticsEdgeCases::test_get_file_statistics_with_special_characters_in_names PASSED [ 70%]
tests/unit/test_statistics.py::TestStatisticsEdgeCases::test_count_total_chunks_with_empty_chunks_list PASSED [ 71%]
tests/unit/test_statistics.py::TestStatisticsEdgeCases::test_monitor_with_very_large_log_file PASSED [ 71%]
tests/unit/test_statistics.py::TestStatisticsEdgeCases::test_get_file_statistics_with_symlinks PASSED [ 71%]
tests/unit/test_statistics.py::TestStatisticsEdgeCases::test_count_total_chunks_with_non_pickle_files PASSED [ 71%]
tests/unit/test_utils.py::TestSetupLogging::test_setup_logging_with_default_level_returns_logger PASSED [ 71%]
tests/unit/test_utils.py::TestSetupLogging::test_setup_logging_with_debug_level_sets_debug PASSED [ 72%]
tests/unit/test_utils.py::TestSetupLogging::test_setup_logging_with_warning_level_sets_warning PASSED [ 72%]
tests/unit/test_utils.py::TestSetupLogging::test_setup_logging_with_invalid_level_uses_info PASSED [ 72%]
tests/unit/test_utils.py::TestSetupLogging::test_setup_logging_with_lowercase_level_works PASSED [ 72%]
tests/unit/test_utils.py::TestGetIndexPath::test_get_index_path_with_no_root_uses_cwd PASSED [ 72%]
tests/unit/test_utils.py::TestGetIndexPath::test_get_index_path_with_root_returns_root_plus_index PASSED [ 73%]
tests/unit/test_utils.py::TestGetIndexPath::test_get_index_path_respects_env_variable PASSED [ 73%]
tests/unit/test_utils.py::TestGetIndexPath::test_get_index_path_with_path_object_works PASSED [ 73%]
tests/unit/test_utils.py::TestGetIndexPath::test_get_index_path_with_relative_path_works PASSED [ 73%]
tests/unit/test_utils.py::TestGetExportRoot::test_get_export_root_with_env_variable_returns_env_path PASSED [ 73%]
tests/unit/test_utils.py::TestGetExportRoot::test_get_export_root_without_env_variable_returns_cwd PASSED [ 74%]
tests/unit/test_utils.py::TestGetExportRoot::test_get_export_root_with_empty_env_variable_returns_cwd PASSED [ 74%]
tests/unit/test_utils.py::TestFormatTimestamp::test_format_timestamp_with_datetime_returns_formatted_string PASSED [ 74%]
tests/unit/test_utils.py::TestFormatTimestamp::test_format_timestamp_with_midnight_formats_correctly PASSED [ 74%]
tests/unit/test_utils.py::TestFormatTimestamp::test_format_timestamp_with_end_of_day_formats_correctly PASSED [ 74%]
tests/unit/test_utils.py::TestFormatTimestamp::test_format_timestamp_preserves_leading_zeros PASSED [ 75%]
tests/unit/test_utils.py::TestFormatTimestamp::test_format_timestamp_with_microseconds_ignores_them PASSED [ 75%]
tests/unit/test_utils.py::TestSaveJsonReport::test_save_json_report_creates_file PASSED [ 75%]
tests/unit/test_utils.py::TestSaveJsonReport::test_save_json_report_writes_correct_content PASSED [ 75%]
tests/unit/test_utils.py::TestSaveJsonReport::test_save_json_report_with_nested_data_works PASSED [ 75%]
tests/unit/test_utils.py::TestSaveJsonReport::test_save_json_report_with_unicode_works PASSED [ 76%]
tests/unit/test_utils.py::TestSaveJsonReport::test_save_json_report_with_list_data_works PASSED [ 76%]
tests/unit/test_utils.py::TestSaveJsonReport::test_save_json_report_overwrites_existing_file PASSED [ 76%]
tests/unit/test_utils.py::TestSaveJsonReport::test_save_json_report_returns_path_object PASSED [ 76%]
tests/unit/test_utils.py::TestSaveJsonReport::test_save_json_report_with_empty_dict_works PASSED [ 76%]
tests/unit/test_utils.py::TestSaveJsonReport::test_save_json_report_formats_with_indentation PASSED [ 76%]
tests/unit/test_utils.py::TestUtilsIntegration::test_get_index_path_and_save_report_work_together PASSED [ 77%]
tests/unit/test_utils.py::TestUtilsIntegration::test_format_timestamp_in_report_data PASSED [ 77%]
tests/unit/test_utils.py::TestUtilsEdgeCases::test_get_index_path_with_special_characters_in_dirname PASSED [ 77%]
tests/unit/test_utils.py::TestUtilsEdgeCases::test_save_json_report_with_very_long_filename PASSED [ 77%]
tests/unit/test_utils.py::TestUtilsEdgeCases::test_format_timestamp_with_year_boundary PASSED [ 77%]
tests/unit/test_utils.py::TestUtilsEdgeCases::test_get_export_root_with_relative_env_path PASSED [ 78%]
tests/unit/test_validators.py::TestValidateDirectoryPath::test_path_traversal_prevention[../../../etc/passwd-Path traversal detected] PASSED [ 78%]
tests/unit/test_validators.py::TestValidateDirectoryPath::test_path_traversal_prevention[..\\..\\windows\\system32-Path traversal detected] PASSED [ 78%]
tests/unit/test_validators.py::TestValidateDirectoryPath::test_path_traversal_prevention[../../-Path traversal detected] PASSED [ 78%]
tests/unit/test_validators.py::TestValidateDirectoryPath::test_path_traversal_prevention[../-Path traversal detected] PASSED [ 78%]
tests/unit/test_validators.py::TestValidateDirectoryPath::test_path_traversal_prevention[/../../etc-Path traversal detected] PASSED [ 79%]
tests/unit/test_validators.py::TestValidateDirectoryPath::test_path_traversal_prevention[./../../-Path traversal detected] PASSED [ 79%]
tests/unit/test_validators.py::TestValidateDirectoryPath::test_path_traversal_prevention[foo/../../../bar-Path traversal detected] PASSED [ 79%]
tests/unit/test_validators.py::TestValidateDirectoryPath::test_path_traversal_prevention[test/../../sensitive-Path traversal detected] PASSED [ 79%]
tests/unit/test_validators.py::TestValidateDirectoryPath::test_path_traversal_allowed_when_explicitly_enabled PASSED [ 79%]
tests/unit/test_validators.py::TestValidateDirectoryPath::test_null_byte_handling[test\x00.txt] PASSED [ 80%]
tests/unit/test_validators.py::TestValidateDirectoryPath::test_null_byte_handling[/etc/passwd\x00] PASSED [ 80%]
tests/unit/test_validators.py::TestValidateDirectoryPath::test_null_byte_handling[directory\x00/file] PASSED [ 80%]
tests/unit/test_validators.py::TestValidateDirectoryPath::test_null_byte_handling[\x00/etc/passwd] PASSED [ 80%]
tests/unit/test_validators.py::TestValidateDirectoryPath::test_symlink_validation PASSED [ 80%]
tests/unit/test_validators.py::TestValidateDirectoryPath::test_unicode_path_separators[test\u2024directory] PASSED [ 81%]
tests/unit/test_validators.py::TestValidateDirectoryPath::test_unicode_path_separators[test\u2025directory] PASSED [ 81%]
tests/unit/test_validators.py::TestValidateDirectoryPath::test_unicode_path_separators[test\u2026directory] PASSED [ 81%]
tests/unit/test_validators.py::TestValidateDirectoryPath::test_unicode_path_separators[test\uff0edirectory] PASSED [ 81%]
tests/unit/test_validators.py::TestValidateDirectoryPath::test_cross_platform_paths[C:\\Windows\\System32-True] PASSED [ 81%]
tests/unit/test_validators.py::TestValidateDirectoryPath::test_cross_platform_paths[/usr/local/bin-True] PASSED [ 82%]
tests/unit/test_validators.py::TestValidateDirectoryPath::test_cross_platform_paths[\\\\server\\share-True] PASSED [ 82%]
tests/unit/test_validators.py::TestValidateDirectoryPath::test_cross_platform_paths[relative/path-False] PASSED [ 82%]
tests/unit/test_validators.py::TestValidateDirectoryPath::test_valid_directory_paths PASSED [ 82%]
tests/unit/test_validators.py::TestValidateDirectoryPath::test_home_directory_expansion PASSED [ 82%]
tests/unit/test_validators.py::TestValidateDirectoryPath::test_empty_path PASSED [ 82%]
tests/unit/test_validators.py::TestValidateDirectoryPath::test_very_long_path PASSED [ 83%]
tests/unit/test_validators.py::TestValidateDirectoryPath::test_special_characters_in_path PASSED [ 83%]
tests/unit/test_validators.py::TestValidateDirectoryPath::test_file_instead_of_directory PASSED [ 83%]
tests/unit/test_validators.py::TestValidateDirectoryPath::test_nonexistent_directory_must_exist PASSED [ 83%]
tests/unit/test_validators.py::TestValidateDirectoryPath::test_nonexistent_directory_may_not_exist PASSED [ 83%]
tests/unit/test_validators.py::TestValidateFilePath::test_file_path_traversal_prevention[../../../etc/passwd] PASSED [ 84%]
tests/unit/test_validators.py::TestValidateFilePath::test_file_path_traversal_prevention[..\\..\\windows\\system32\\config\\sam] PASSED [ 84%]
tests/unit/test_validators.py::TestValidateFilePath::test_file_path_traversal_prevention[../../shadow] PASSED [ 84%]
tests/unit/test_validators.py::TestValidateFilePath::test_file_path_traversal_prevention[../.bashrc] PASSED [ 84%]
tests/unit/test_validators.py::TestValidateFilePath::test_file_path_traversal_prevention[uploads/../../../etc/passwd] PASSED [ 84%]
tests/unit/test_validators.py::TestValidateFilePath::test_allowed_extensions PASSED [ 85%]
tests/unit/test_validators.py::TestValidateFilePath::test_case_insensitive_extensions PASSED [ 85%]
tests/unit/test_validators.py::TestValidateFilePath::test_file_null_byte_injection PASSED [ 85%]
tests/unit/test_validators.py::TestValidateFilePath::test_valid_file_paths PASSED [ 85%]
tests/unit/test_validators.py::TestValidateFilePath::test_directory_instead_of_file PASSED [ 85%]
tests/unit/test_validators.py::TestValidateFilePath::test_file_without_extension PASSED [ 86%]
tests/unit/test_validators.py::TestSanitizePathInput::test_null_byte_removal PASSED [ 86%]
tests/unit/test_validators.py::TestSanitizePathInput::test_whitespace_trimming PASSED [ 86%]
tests/unit/test_validators.py::TestSanitizePathInput::test_shell_metacharacter_removal PASSED [ 86%]
tests/unit/test_validators.py::TestSanitizePathInput::test_allowed_characters_preserved PASSED [ 86%]
tests/unit/test_validators.py::TestSanitizePathInput::test_empty_input PASSED [ 87%]
tests/unit/test_validators.py::TestSanitizePathInput::test_unicode_handling PASSED [ 87%]
tests/unit/test_validators.py::TestValidateCommandArgs::test_command_injection_prevention[ls-dangerous_args0] PASSED [ 87%]
tests/unit/test_validators.py::TestValidateCommandArgs::test_command_injection_prevention[echo-dangerous_args1] PASSED [ 87%]
tests/unit/test_validators.py::TestValidateCommandArgs::test_command_injection_prevention[python-dangerous_args2] PASSED [ 87%]
tests/unit/test_validators.py::TestValidateCommandArgs::test_command_injection_prevention[git-dangerous_args3] PASSED [ 88%]
tests/unit/test_validators.py::TestValidateCommandArgs::test_command_injection_prevention[npm-dangerous_args4] PASSED [ 88%]
tests/unit/test_validators.py::TestValidateCommandArgs::test_shell_metacharacters_in_command PASSED [ 88%]
tests/unit/test_validators.py::TestValidateCommandArgs::test_newline_injection PASSED [ 88%]
tests/unit/test_validators.py::TestValidateCommandArgs::test_null_byte_in_args PASSED [ 88%]
tests/unit/test_validators.py::TestValidateCommandArgs::test_command_whitelist PASSED [ 88%]
tests/unit/test_validators.py::TestValidateCommandArgs::test_valid_command_args PASSED [ 89%]
tests/unit/test_validators.py::TestValidateCommandArgs::test_empty_command PASSED [ 89%]
tests/unit/test_validators.py::TestValidateCommandArgs::test_empty_args_list PASSED [ 89%]
tests/unit/test_validators.py::TestValidateCommandArgs::test_special_chars_in_safe_context PASSED [ 89%]
tests/unit/test_validators.py::TestQuoteShellArg::test_simple_string_quoting PASSED [ 89%]
tests/unit/test_validators.py::TestQuoteShellArg::test_dangerous_character_quoting PASSED [ 90%]
tests/unit/test_validators.py::TestQuoteShellArg::test_quote_within_string PASSED [ 90%]
tests/unit/test_validators.py::TestQuoteShellArg::test_empty_string PASSED [ 90%]
tests/unit/test_validators.py::TestQuoteShellArg::test_numeric_input PASSED [ 90%]
tests/unit/test_validators.py::TestValidateProjectId::test_valid_project_ids[my-project] PASSED [ 90%]
tests/unit/test_validators.py::TestValidateProjectId::test_valid_project_ids[project-123] PASSED [ 91%]
tests/unit/test_validators.py::TestValidateProjectId::test_valid_project_ids[test-gcp-456] PASSED [ 91%]
tests/unit/test_validators.py::TestValidateProjectId::test_valid_project_ids[abc123] PASSED [ 91%]
tests/unit/test_validators.py::TestValidateProjectId::test_valid_project_ids[aaaaaa] PASSED [ 91%]
tests/unit/test_validators.py::TestValidateProjectId::test_valid_project_ids[a----------------------------a] PASSED [ 91%]
tests/unit/test_validators.py::TestValidateProjectId::test_invalid_project_ids[-cannot be empty] PASSED [ 92%]
tests/unit/test_validators.py::TestValidateProjectId::test_invalid_project_ids[short-6-30 characters] PASSED [ 92%]
tests/unit/test_validators.py::TestValidateProjectId::test_invalid_project_ids[aaaaaaaaaaaaaaaaaaaaaaaaaaaaaaa-6-30 characters] PASSED [ 92%]
tests/unit/test_validators.py::TestValidateProjectId::test_invalid_project_ids[My-Project-must start with a lowercase letter] PASSED [ 92%]
tests/unit/test_validators.py::TestValidateProjectId::test_invalid_project_ids[123-project-start with a lowercase letter] PASSED [ 92%]
tests/unit/test_validators.py::TestValidateProjectId::test_invalid_project_ids[project--cannot end with a hyphen] PASSED [ 93%]
tests/unit/test_validators.py::TestValidateProjectId::test_invalid_project_ids[project_name-only contain lowercase letters, numbers, and hyphens] PASSED [ 93%]
tests/unit/test_validators.py::TestValidateProjectId::test_invalid_project_ids[project.name-only contain lowercase letters, numbers, and hyphens] PASSED [ 93%]
tests/unit/test_validators.py::TestValidateProjectId::test_invalid_project_ids[project name-only contain lowercase letters, numbers, and hyphens] PASSED [ 93%]
tests/unit/test_validators.py::TestValidateProjectId::test_project_id_boundary_lengths PASSED [ 93%]
tests/unit/test_validators.py::TestValidateProjectId::test_hyphen_placement PASSED [ 94%]
tests/unit/test_validators.py::TestValidateEnvironmentVariable::test_valid_environment_variables[HOME-/home/user] PASSED [ 94%]
tests/unit/test_validators.py::TestValidateEnvironmentVariable::test_valid_environment_variables[PATH-/usr/bin:/usr/local/bin] PASSED [ 94%]
tests/unit/test_validators.py::TestValidateEnvironmentVariable::test_valid_environment_variables[PYTHON_VERSION-3.9.0] PASSED [ 94%]
tests/unit/test_validators.py::TestValidateEnvironmentVariable::test_valid_environment_variables[_PRIVATE_VAR-secret] PASSED [ 94%]
tests/unit/test_validators.py::TestValidateEnvironmentVariable::test_valid_environment_variables[VAR_WITH_NUMBERS_123-value] PASSED [ 94%]
tests/unit/test_validators.py::TestValidateEnvironmentVariable::test_invalid_environment_variable_names[-cannot be empty] PASSED [ 95%]
tests/unit/test_validators.py::TestValidateEnvironmentVariable::test_invalid_environment_variable_names[lowercase-uppercase letters, numbers, and underscores] PASSED [ 95%]
tests/unit/test_validators.py::TestValidateEnvironmentVariable::test_invalid_environment_variable_names[123_START-uppercase letters, numbers, and underscores] PASSED [ 95%]
tests/unit/test_validators.py::TestValidateEnvironmentVariable::test_invalid_environment_variable_names[VAR-WITH-DASH-uppercase letters, numbers, and underscores] PASSED [ 95%]
tests/unit/test_validators.py::TestValidateEnvironmentVariable::test_invalid_environment_variable_names[VAR.WITH.DOT-uppercase letters, numbers, and underscores] PASSED [ 95%]
tests/unit/test_validators.py::TestValidateEnvironmentVariable::test_invalid_environment_variable_names[VAR WITH SPACE-uppercase letters, numbers, and underscores] PASSED [ 96%]
tests/unit/test_validators.py::TestValidateEnvironmentVariable::test_null_byte_in_value PASSED [ 96%]
tests/unit/test_validators.py::TestValidateEnvironmentVariable::test_empty_value PASSED [ 96%]
tests/unit/test_validators.py::TestValidateEnvironmentVariable::test_special_chars_in_value PASSED [ 96%]
tests/unit/test_validators.py::TestValidateEnvironmentVariable::test_very_long_value PASSED [ 96%]
tests/unit/test_validators.py::TestSecurityIntegration::test_combined_path_validation_workflow PASSED [ 97%]
tests/unit/test_validators.py::TestSecurityIntegration::test_command_execution_workflow PASSED [ 97%]
tests/unit/test_validators.py::TestSecurityIntegration::test_environment_variable_workflow PASSED [ 97%]
tests/unit/test_validators.py::TestErrorHandling::test_exception_handling_in_validate_directory PASSED [ 97%]
tests/unit/test_validators.py::TestErrorHandling::test_exception_handling_in_validate_file PASSED [ 97%]
tests/unit/test_validators.py::TestErrorHandling::test_no_sensitive_data_in_errors PASSED [ 98%]
tests/unit/test_validators.py::TestWindowsSpecificPaths::test_windows_path_formats[C:\\Windows\\System32] PASSED [ 98%]
tests/unit/test_validators.py::TestWindowsSpecificPaths::test_windows_path_formats[D:\\Users\\Username\\Documents] PASSED [ 98%]
tests/unit/test_validators.py::TestWindowsSpecificPaths::test_windows_path_formats[\\\\server\\share\\folder] PASSED [ 98%]
tests/unit/test_validators.py::TestWindowsSpecificPaths::test_windows_path_formats[C:\\Program Files\\Application] PASSED [ 98%]
tests/unit/test_validators.py::TestWindowsSpecificPaths::test_windows_path_formats[C:\\Users\\..\\..\\Windows] PASSED [ 99%]
tests/unit/test_validators.py::TestLinuxSpecificPaths::test_linux_path_formats[/home/user/documents] PASSED [ 99%]
tests/unit/test_validators.py::TestLinuxSpecificPaths::test_linux_path_formats[/usr/local/bin] PASSED [ 99%]
tests/unit/test_validators.py::TestLinuxSpecificPaths::test_linux_path_formats[/etc/config] PASSED [ 99%]
tests/unit/test_validators.py::TestLinuxSpecificPaths::test_linux_path_formats[/var/log/application] PASSED [ 99%]
tests/unit/test_validators.py::TestLinuxSpecificPaths::test_linux_path_formats[/home/../etc/passwd] PASSED [100%]
ERROR: Coverage failure: total of 23 is less than fail-under=60


=================================== ERRORS ====================================
_______________________ ERROR at setup of test_account ________________________
file C:\Users\ASUS\Downloads\emailops_vertex_ai\diagnostics\diagnostics.py, line 43
  def test_account(account) -> tuple[bool, str]:
E       fixture 'account' not found
>       available fixtures: anyio_backend, anyio_backend_name, anyio_backend_options, cache, capfd, capfdbinary, caplog, capsys, capsysbinary, capteesys, capture_logs, cov, doctest_namespace, free_tcp_port, free_tcp_port_factory, free_udp_port, free_udp_port_factory, mock_conversation_structure, mock_credentials_file, mock_embed_texts, mock_env_vars, mock_index_dir, mock_index_files, mock_vertex_account_validation, mock_vertex_ai, monkeypatch, no_cover, pytestconfig, record_property, record_testsuite_property, record_xml_attribute, recwarn, sample_accounts_list, sample_chunk_data, sample_embeddings, sample_mapping_data, sample_vertex_account, temp_dir, test_data_dir, tmp_path, tmp_path_factory, tmpdir, tmpdir_factory
>       use 'pytest --fixtures [testpath]' for help on them.

C:\Users\ASUS\Downloads\emailops_vertex_ai\diagnostics\diagnostics.py:43
================================== FAILURES ===================================
______ TestDocumentProcessingWorkflow.test_document_processing_workflow _______
..\..\anaconda3\envs\emailops\Lib\unittest\mock.py:1375: in patched
    with self.decoration_helper(patched,
        args       = (<test_core_workflows.TestDocumentProcessingWorkflow testMethod=test_document_processing_workflow>,)
        func       = <function TestDocumentProcessingWorkflow.test_document_processing_workflow at 0x0000017FA5C967A0>
        keywargs   = {}
        patched    = <function TestDocumentProcessingWorkflow.test_document_processing_workflow at 0x0000017FA5C96840>
        self       = <unittest.mock._patch object at 0x0000017FA5CC8C50>
..\..\anaconda3\envs\emailops\Lib\contextlib.py:137: in __enter__
    return next(self.gen)
           ^^^^^^^^^^^^^^
        self       = <contextlib._GeneratorContextManager object at 0x0000017F93F27110>
..\..\anaconda3\envs\emailops\Lib\unittest\mock.py:1357: in decoration_helper
    arg = exit_stack.enter_context(patching)
          ^^^^^^^^^^^^^^^^^^^^^^^^^^^^^^^^^^
        arg        = <MagicMock name='read_text_file' id='1647454613200'>
        args       = (<test_core_workflows.TestDocumentProcessingWorkflow testMethod=test_document_processing_workflow>,)
        exit_stack = <contextlib.ExitStack object at 0x0000017F93F26F90>
        extra_args = [<MagicMock name='read_text_file' id='1647454613200'>]
        keywargs   = {}
        patched    = <function TestDocumentProcessingWorkflow.test_document_processing_workflow at 0x0000017FA5C96840>
        patching   = <unittest.mock._patch object at 0x0000017FA5C1AD10>
        self       = <unittest.mock._patch object at 0x0000017FA5CC8C50>
..\..\anaconda3\envs\emailops\Lib\contextlib.py:517: in enter_context
    result = _enter(cm)
             ^^^^^^^^^^
        _enter     = <function _patch.__enter__ at 0x0000017F978C51C0>
        _exit      = <function _patch.__exit__ at 0x0000017F978C5260>
        cls        = <class 'unittest.mock._patch'>
        cm         = <unittest.mock._patch object at 0x0000017FA5C1AD10>
        self       = <contextlib.ExitStack object at 0x0000017F93F26F90>
..\..\anaconda3\envs\emailops\Lib\unittest\mock.py:1446: in __enter__
    original, local = self.get_original()
                      ^^^^^^^^^^^^^^^^^^^
        autospec   = None
        kwargs     = {}
        new        = sentinel.DEFAULT
        new_callable = None
        self       = <unittest.mock._patch object at 0x0000017FA5C1AD10>
        spec       = None
        spec_set   = None
..\..\anaconda3\envs\emailops\Lib\unittest\mock.py:1419: in get_original
    raise AttributeError(
E   AttributeError: <module 'emailops.text_chunker' from 'C:\\Users\\ASUS\\Downloads\\emailops_vertex_ai\\emailops\\text_chunker.py'> does not have the attribute 'TextChunker'
        local      = False
        name       = 'TextChunker'
        original   = sentinel.DEFAULT
        self       = <unittest.mock._patch object at 0x0000017FA5C1AD10>
        target     = <module 'emailops.text_chunker' from 'C:\\Users\\ASUS\\Downloads\\emailops_vertex_ai\\emailops\\text_chunker.py'>
_________ TestDocumentProcessingWorkflow.test_error_recovery_workflow _________
..\..\anaconda3\envs\emailops\Lib\unittest\mock.py:1375: in patched
    with self.decoration_helper(patched,
        args       = (<test_core_workflows.TestDocumentProcessingWorkflow testMethod=test_error_recovery_workflow>,)
        func       = <function TestDocumentProcessingWorkflow.test_error_recovery_workflow at 0x0000017FA5C96A20>
        keywargs   = {}
        patched    = <function TestDocumentProcessingWorkflow.test_error_recovery_workflow at 0x0000017FA5C96AC0>
        self       = <unittest.mock._patch object at 0x0000017FA5CC9210>
..\..\anaconda3\envs\emailops\Lib\contextlib.py:137: in __enter__
    return next(self.gen)
           ^^^^^^^^^^^^^^
        self       = <contextlib._GeneratorContextManager object at 0x0000017FA6528410>
..\..\anaconda3\envs\emailops\Lib\unittest\mock.py:1357: in decoration_helper
    arg = exit_stack.enter_context(patching)
          ^^^^^^^^^^^^^^^^^^^^^^^^^^^^^^^^^^
        arg        = <MagicMock name='get_config' id='1647762902608'>
        args       = (<test_core_workflows.TestDocumentProcessingWorkflow testMethod=test_error_recovery_workflow>,)
        exit_stack = <contextlib.ExitStack object at 0x0000017FA6528A90>
        extra_args = [<MagicMock name='get_config' id='1647762902608'>]
        keywargs   = {}
        patched    = <function TestDocumentProcessingWorkflow.test_error_recovery_workflow at 0x0000017FA5C96AC0>
        patching   = <unittest.mock._patch object at 0x0000017FA5CC9090>
        self       = <unittest.mock._patch object at 0x0000017FA5CC9210>
..\..\anaconda3\envs\emailops\Lib\contextlib.py:517: in enter_context
    result = _enter(cm)
             ^^^^^^^^^^
        _enter     = <function _patch.__enter__ at 0x0000017F978C51C0>
        _exit      = <function _patch.__exit__ at 0x0000017F978C5260>
        cls        = <class 'unittest.mock._patch'>
        cm         = <unittest.mock._patch object at 0x0000017FA5CC9090>
        self       = <contextlib.ExitStack object at 0x0000017FA6528A90>
..\..\anaconda3\envs\emailops\Lib\unittest\mock.py:1446: in __enter__
    original, local = self.get_original()
                      ^^^^^^^^^^^^^^^^^^^
        autospec   = None
        kwargs     = {}
        new        = sentinel.DEFAULT
        new_callable = None
        self       = <unittest.mock._patch object at 0x0000017FA5CC9090>
        spec       = None
        spec_set   = None
..\..\anaconda3\envs\emailops\Lib\unittest\mock.py:1419: in get_original
    raise AttributeError(
E   AttributeError: <module 'processing.processor' from 'C:\\Users\\ASUS\\Downloads\\emailops_vertex_ai\\processing\\processor.py'> does not have the attribute 'embed_texts'
        local      = False
        name       = 'embed_texts'
        original   = sentinel.DEFAULT
        self       = <unittest.mock._patch object at 0x0000017FA5CC9090>
        target     = <module 'processing.processor' from 'C:\\Users\\ASUS\\Downloads\\emailops_vertex_ai\\processing\\processor.py'>
____________ TestEmbeddingWorkflow.test_embedding_batch_processing ____________
..\..\anaconda3\envs\emailops\Lib\unittest\mock.py:1375: in patched
    with self.decoration_helper(patched,
        args       = (<test_core_workflows.TestEmbeddingWorkflow testMethod=test_embedding_batch_processing>,)
        func       = <function TestEmbeddingWorkflow.test_embedding_batch_processing at 0x0000017FA5C96E80>
        keywargs   = {}
        patched    = <function TestEmbeddingWorkflow.test_embedding_batch_processing at 0x0000017FA5C96F20>
        self       = <unittest.mock._patch object at 0x0000017FA5CC9A50>
..\..\anaconda3\envs\emailops\Lib\contextlib.py:137: in __enter__
    return next(self.gen)
           ^^^^^^^^^^^^^^
        self       = <contextlib._GeneratorContextManager object at 0x0000017FA59E7A10>
..\..\anaconda3\envs\emailops\Lib\unittest\mock.py:1357: in decoration_helper
    arg = exit_stack.enter_context(patching)
          ^^^^^^^^^^^^^^^^^^^^^^^^^^^^^^^^^^
        args       = (<test_core_workflows.TestEmbeddingWorkflow testMethod=test_embedding_batch_processing>,)
        exit_stack = <contextlib.ExitStack object at 0x0000017FA5BEE4D0>
        extra_args = []
        keywargs   = {}
        patched    = <function TestEmbeddingWorkflow.test_embedding_batch_processing at 0x0000017FA5C96F20>
        patching   = <unittest.mock._patch object at 0x0000017FA5CC9A50>
        self       = <unittest.mock._patch object at 0x0000017FA5CC9A50>
..\..\anaconda3\envs\emailops\Lib\contextlib.py:517: in enter_context
    result = _enter(cm)
             ^^^^^^^^^^
        _enter     = <function _patch.__enter__ at 0x0000017F978C51C0>
        _exit      = <function _patch.__exit__ at 0x0000017F978C5260>
        cls        = <class 'unittest.mock._patch'>
        cm         = <unittest.mock._patch object at 0x0000017FA5CC9A50>
        self       = <contextlib.ExitStack object at 0x0000017FA5BEE4D0>
..\..\anaconda3\envs\emailops\Lib\unittest\mock.py:1446: in __enter__
    original, local = self.get_original()
                      ^^^^^^^^^^^^^^^^^^^
        autospec   = None
        kwargs     = {}
        new        = sentinel.DEFAULT
        new_callable = None
        self       = <unittest.mock._patch object at 0x0000017FA5CC9A50>
        spec       = None
        spec_set   = None
..\..\anaconda3\envs\emailops\Lib\unittest\mock.py:1419: in get_original
    raise AttributeError(
E   AttributeError: <module 'emailops.llm_client' from 'C:\\Users\\ASUS\\Downloads\\emailops_vertex_ai\\emailops\\llm_client.py'> does not have the attribute 'llm_runtime'
        local      = False
        name       = 'llm_runtime'
        original   = sentinel.DEFAULT
        self       = <unittest.mock._patch object at 0x0000017FA5CC9A50>
        target     = <module 'emailops.llm_client' from 'C:\\Users\\ASUS\\Downloads\\emailops_vertex_ai\\emailops\\llm_client.py'>
_____________ TestEmbeddingWorkflow.test_embedding_error_handling _____________
..\..\anaconda3\envs\emailops\Lib\unittest\mock.py:1375: in patched
    with self.decoration_helper(patched,
        args       = (<test_core_workflows.TestEmbeddingWorkflow testMethod=test_embedding_error_handling>,)
        func       = <function TestEmbeddingWorkflow.test_embedding_error_handling at 0x0000017FA5C96FC0>
        keywargs   = {}
        patched    = <function TestEmbeddingWorkflow.test_embedding_error_handling at 0x0000017FA5C97060>
        self       = <unittest.mock._patch object at 0x0000017FA5CC9CD0>
..\..\anaconda3\envs\emailops\Lib\contextlib.py:137: in __enter__
    return next(self.gen)
           ^^^^^^^^^^^^^^
        self       = <contextlib._GeneratorContextManager object at 0x0000017FA5A08DD0>
..\..\anaconda3\envs\emailops\Lib\unittest\mock.py:1357: in decoration_helper
    arg = exit_stack.enter_context(patching)
          ^^^^^^^^^^^^^^^^^^^^^^^^^^^^^^^^^^
        args       = (<test_core_workflows.TestEmbeddingWorkflow testMethod=test_embedding_error_handling>,)
        exit_stack = <contextlib.ExitStack object at 0x0000017FA7853A90>
        extra_args = []
        keywargs   = {}
        patched    = <function TestEmbeddingWorkflow.test_embedding_error_handling at 0x0000017FA5C97060>
        patching   = <unittest.mock._patch object at 0x0000017FA5CC9CD0>
        self       = <unittest.mock._patch object at 0x0000017FA5CC9CD0>
..\..\anaconda3\envs\emailops\Lib\contextlib.py:517: in enter_context
    result = _enter(cm)
             ^^^^^^^^^^
        _enter     = <function _patch.__enter__ at 0x0000017F978C51C0>
        _exit      = <function _patch.__exit__ at 0x0000017F978C5260>
        cls        = <class 'unittest.mock._patch'>
        cm         = <unittest.mock._patch object at 0x0000017FA5CC9CD0>
        self       = <contextlib.ExitStack object at 0x0000017FA7853A90>
..\..\anaconda3\envs\emailops\Lib\unittest\mock.py:1446: in __enter__
    original, local = self.get_original()
                      ^^^^^^^^^^^^^^^^^^^
        autospec   = None
        kwargs     = {}
        new        = sentinel.DEFAULT
        new_callable = None
        self       = <unittest.mock._patch object at 0x0000017FA5CC9CD0>
        spec       = None
        spec_set   = None
..\..\anaconda3\envs\emailops\Lib\unittest\mock.py:1419: in get_original
    raise AttributeError(
E   AttributeError: <module 'emailops.llm_client' from 'C:\\Users\\ASUS\\Downloads\\emailops_vertex_ai\\emailops\\llm_client.py'> does not have the attribute 'llm_runtime'
        local      = False
        name       = 'llm_runtime'
        original   = sentinel.DEFAULT
        self       = <unittest.mock._patch object at 0x0000017FA5CC9CD0>
        target     = <module 'emailops.llm_client' from 'C:\\Users\\ASUS\\Downloads\\emailops_vertex_ai\\emailops\\llm_client.py'>
____________ TestEmbeddingWorkflow.test_embedding_pipeline_openai _____________
..\..\anaconda3\envs\emailops\Lib\unittest\mock.py:1375: in patched
    with self.decoration_helper(patched,
        args       = (<test_core_workflows.TestEmbeddingWorkflow testMethod=test_embedding_pipeline_openai>,)
        func       = <function TestEmbeddingWorkflow.test_embedding_pipeline_openai at 0x0000017FA5C96D40>
        keywargs   = {}
        patched    = <function TestEmbeddingWorkflow.test_embedding_pipeline_openai at 0x0000017FA5C96DE0>
        self       = <unittest.mock._patch object at 0x0000017FA5CC97D0>
..\..\anaconda3\envs\emailops\Lib\contextlib.py:137: in __enter__
    return next(self.gen)
           ^^^^^^^^^^^^^^
        self       = <contextlib._GeneratorContextManager object at 0x0000017FA78E0810>
..\..\anaconda3\envs\emailops\Lib\unittest\mock.py:1357: in decoration_helper
    arg = exit_stack.enter_context(patching)
          ^^^^^^^^^^^^^^^^^^^^^^^^^^^^^^^^^^
        args       = (<test_core_workflows.TestEmbeddingWorkflow testMethod=test_embedding_pipeline_openai>,)
        exit_stack = <contextlib.ExitStack object at 0x0000017FA78E0AD0>
        extra_args = []
        keywargs   = {}
        patched    = <function TestEmbeddingWorkflow.test_embedding_pipeline_openai at 0x0000017FA5C96DE0>
        patching   = <unittest.mock._patch object at 0x0000017FA5CC97D0>
        self       = <unittest.mock._patch object at 0x0000017FA5CC97D0>
..\..\anaconda3\envs\emailops\Lib\contextlib.py:517: in enter_context
    result = _enter(cm)
             ^^^^^^^^^^
        _enter     = <function _patch.__enter__ at 0x0000017F978C51C0>
        _exit      = <function _patch.__exit__ at 0x0000017F978C5260>
        cls        = <class 'unittest.mock._patch'>
        cm         = <unittest.mock._patch object at 0x0000017FA5CC97D0>
        self       = <contextlib.ExitStack object at 0x0000017FA78E0AD0>
..\..\anaconda3\envs\emailops\Lib\unittest\mock.py:1446: in __enter__
    original, local = self.get_original()
                      ^^^^^^^^^^^^^^^^^^^
        autospec   = None
        kwargs     = {}
        new        = sentinel.DEFAULT
        new_callable = None
        self       = <unittest.mock._patch object at 0x0000017FA5CC97D0>
        spec       = None
        spec_set   = None
..\..\anaconda3\envs\emailops\Lib\unittest\mock.py:1419: in get_original
    raise AttributeError(
E   AttributeError: <module 'emailops.llm_client' from 'C:\\Users\\ASUS\\Downloads\\emailops_vertex_ai\\emailops\\llm_client.py'> does not have the attribute 'llm_runtime'
        local      = False
        name       = 'llm_runtime'
        original   = sentinel.DEFAULT
        self       = <unittest.mock._patch object at 0x0000017FA5CC97D0>
        target     = <module 'emailops.llm_client' from 'C:\\Users\\ASUS\\Downloads\\emailops_vertex_ai\\emailops\\llm_client.py'>
____________ TestEmbeddingWorkflow.test_embedding_pipeline_vertex _____________
..\..\anaconda3\envs\emailops\Lib\unittest\mock.py:1375: in patched
    with self.decoration_helper(patched,
        args       = (<test_core_workflows.TestEmbeddingWorkflow testMethod=test_embedding_pipeline_vertex>,)
        func       = <function TestEmbeddingWorkflow.test_embedding_pipeline_vertex at 0x0000017FA5C96C00>
        keywargs   = {}
        patched    = <function TestEmbeddingWorkflow.test_embedding_pipeline_vertex at 0x0000017FA5C96CA0>
        self       = <unittest.mock._patch object at 0x0000017FA5CC9590>
..\..\anaconda3\envs\emailops\Lib\contextlib.py:137: in __enter__
    return next(self.gen)
           ^^^^^^^^^^^^^^
        self       = <contextlib._GeneratorContextManager object at 0x0000017FA63DD610>
..\..\anaconda3\envs\emailops\Lib\unittest\mock.py:1357: in decoration_helper
    arg = exit_stack.enter_context(patching)
          ^^^^^^^^^^^^^^^^^^^^^^^^^^^^^^^^^^
        args       = (<test_core_workflows.TestEmbeddingWorkflow testMethod=test_embedding_pipeline_vertex>,)
        exit_stack = <contextlib.ExitStack object at 0x0000017FA637B0D0>
        extra_args = []
        keywargs   = {}
        patched    = <function TestEmbeddingWorkflow.test_embedding_pipeline_vertex at 0x0000017FA5C96CA0>
        patching   = <unittest.mock._patch object at 0x0000017FA5CC9590>
        self       = <unittest.mock._patch object at 0x0000017FA5CC9590>
..\..\anaconda3\envs\emailops\Lib\contextlib.py:517: in enter_context
    result = _enter(cm)
             ^^^^^^^^^^
        _enter     = <function _patch.__enter__ at 0x0000017F978C51C0>
        _exit      = <function _patch.__exit__ at 0x0000017F978C5260>
        cls        = <class 'unittest.mock._patch'>
        cm         = <unittest.mock._patch object at 0x0000017FA5CC9590>
        self       = <contextlib.ExitStack object at 0x0000017FA637B0D0>
..\..\anaconda3\envs\emailops\Lib\unittest\mock.py:1446: in __enter__
    original, local = self.get_original()
                      ^^^^^^^^^^^^^^^^^^^
        autospec   = None
        kwargs     = {}
        new        = sentinel.DEFAULT
        new_callable = None
        self       = <unittest.mock._patch object at 0x0000017FA5CC9590>
        spec       = None
        spec_set   = None
..\..\anaconda3\envs\emailops\Lib\unittest\mock.py:1419: in get_original
    raise AttributeError(
E   AttributeError: <module 'emailops.llm_client' from 'C:\\Users\\ASUS\\Downloads\\emailops_vertex_ai\\emailops\\llm_client.py'> does not have the attribute 'llm_runtime'
        local      = False
        name       = 'llm_runtime'
        original   = sentinel.DEFAULT
        self       = <unittest.mock._patch object at 0x0000017FA5CC9590>
        target     = <module 'emailops.llm_client' from 'C:\\Users\\ASUS\\Downloads\\emailops_vertex_ai\\emailops\\llm_client.py'>
____________ TestSecurityWorkflow.test_command_validation_workflow ____________
tests\integration\test_core_workflows.py:246: in test_command_validation_workflow
    assert not validate_command_args("rm", ["-rf", "/"])
E   AssertionError: assert not (True, 'Valid')
E    +  where (True, 'Valid') = <function validate_command_args at 0x0000017FA60C2AC0>('rm', ['-rf', '/'])
        self       = <test_core_workflows.TestSecurityWorkflow testMethod=test_command_validation_workflow>
        validate_command_args = <function validate_command_args at 0x0000017FA60C2AC0>
___________ TestSecurityWorkflow.test_environment_variable_workflow ___________
tests\integration\test_core_workflows.py:260: in test_environment_variable_workflow
    assert not validate_environment_variable("", "value")
E   AssertionError: assert not (False, 'Environment variable name cannot be empty')
E    +  where (False, 'Environment variable name cannot be empty') = <function validate_environment_variable at 0x0000017FA60C2CA0>('', 'value')
        self       = <test_core_workflows.TestSecurityWorkflow testMethod=test_environment_variable_workflow>
        validate_environment_variable = <function validate_environment_variable at 0x0000017FA60C2CA0>
_____________ TestSecurityWorkflow.test_path_validation_workflow ______________
tests\integration\test_core_workflows.py:230: in test_path_validation_workflow
    assert not validate_directory_path("../../../etc")
E   AssertionError: assert not (False, 'Path traversal detected (.. not allowed)')
E    +  where (False, 'Path traversal detected (.. not allowed)') = <function validate_directory_path at 0x0000017FA60C28E0>('../../../etc')
        self       = <test_core_workflows.TestSecurityWorkflow testMethod=test_path_validation_workflow>
        test_dir   = WindowsPath('C:/Users/ASUS/AppData/Local/Temp/tmp8s61k58e/test_dir')
        test_file  = WindowsPath('C:/Users/ASUS/AppData/Local/Temp/tmp8s61k58e/test_dir/test.txt')
        tmpdir     = 'C:\\Users\\ASUS\\AppData\\Local\\Temp\\tmp8s61k58e'
        validate_directory_path = <function validate_directory_path at 0x0000017FA60C28E0>
        validate_file_path = <function validate_file_path at 0x0000017FA60C2980>
_______________ TestIndexWorkflow.test_index_creation_workflow ________________
..\..\anaconda3\envs\emailops\Lib\unittest\mock.py:1375: in patched
    with self.decoration_helper(patched,
        args       = (<test_core_workflows.TestIndexWorkflow testMethod=test_index_creation_workflow>,)
        func       = <function TestIndexWorkflow.test_index_creation_workflow at 0x0000017FA5C96700>
        keywargs   = {}
        patched    = <function TestIndexWorkflow.test_index_creation_workflow at 0x0000017FA5C97240>
        self       = <unittest.mock._patch object at 0x0000017FA5CCA0D0>
..\..\anaconda3\envs\emailops\Lib\contextlib.py:137: in __enter__
    return next(self.gen)
           ^^^^^^^^^^^^^^
        self       = <contextlib._GeneratorContextManager object at 0x0000017FA7888090>
..\..\anaconda3\envs\emailops\Lib\unittest\mock.py:1357: in decoration_helper
    arg = exit_stack.enter_context(patching)
          ^^^^^^^^^^^^^^^^^^^^^^^^^^^^^^^^^^
        args       = (<test_core_workflows.TestIndexWorkflow testMethod=test_index_creation_workflow>,)
        exit_stack = <contextlib.ExitStack object at 0x0000017FA788BB90>
        extra_args = []
        keywargs   = {}
        patched    = <function TestIndexWorkflow.test_index_creation_workflow at 0x0000017FA5C97240>
        patching   = <unittest.mock._patch object at 0x0000017FA5CCA0D0>
        self       = <unittest.mock._patch object at 0x0000017FA5CCA0D0>
..\..\anaconda3\envs\emailops\Lib\contextlib.py:517: in enter_context
    result = _enter(cm)
             ^^^^^^^^^^
        _enter     = <function _patch.__enter__ at 0x0000017F978C51C0>
        _exit      = <function _patch.__exit__ at 0x0000017F978C5260>
        cls        = <class 'unittest.mock._patch'>
        cm         = <unittest.mock._patch object at 0x0000017FA5CCA0D0>
        self       = <contextlib.ExitStack object at 0x0000017FA788BB90>
..\..\anaconda3\envs\emailops\Lib\unittest\mock.py:1446: in __enter__
    original, local = self.get_original()
                      ^^^^^^^^^^^^^^^^^^^
        autospec   = None
        kwargs     = {}
        new        = sentinel.DEFAULT
        new_callable = None
        self       = <unittest.mock._patch object at 0x0000017FA5CCA0D0>
        spec       = None
        spec_set   = None
..\..\anaconda3\envs\emailops\Lib\unittest\mock.py:1419: in get_original
    raise AttributeError(
E   AttributeError: <module 'processing.processor' from 'C:\\Users\\ASUS\\Downloads\\emailops_vertex_ai\\processing\\processor.py'> does not have the attribute 'faiss'
        local      = False
        name       = 'faiss'
        original   = sentinel.DEFAULT
        self       = <unittest.mock._patch object at 0x0000017FA5CCA0D0>
        target     = <module 'processing.processor' from 'C:\\Users\\ASUS\\Downloads\\emailops_vertex_ai\\processing\\processor.py'>
________________ TestIndexWorkflow.test_index_repair_workflow _________________
..\..\anaconda3\envs\emailops\Lib\unittest\mock.py:1375: in patched
[...]
FAILED tests/unit/test_env_utils.py::TestEnvUtils::test_llmerror_exported - AssertionError: assert <class 'emailops.llm_runtime.LLMError'> is <class 'test_env_utils.LLMError'>
 +  where <class 'emailops.llm_runtime.LLMError'> = <module 'emailops.env_utils' from 'C:\\Users\\ASUS\\Downloads\\emailops_vertex_ai\\emailops\\env_utils.py'>.LLMError
 +    where <module 'emailops.env_utils' from 'C:\\Users\\ASUS\\Downloads\\emailops_vertex_ai\\emailops\\env_utils.py'> = <test_env_utils.TestEnvUtils testMethod=test_llmerror_exported>.env_utils
 +  and   <class 'test_env_utils.LLMError'> = <MagicMock id='1647980686992'>.LLMError
 +    where <MagicMock id='1647980686992'> = <test_env_utils.TestEnvUtils testMethod=test_llmerror_exported>.mock_runtime
FAILED tests/unit/test_env_utils.py::TestEnvUtils::test_load_validated_accounts_exported - AssertionError: assert <function load_validated_accounts at 0x0000017FA5D342C0> is <Mock name='mock.load_validated_accounts' id='1647978336464'>
 +  where <function load_validated_accounts at 0x0000017FA5D342C0> = <module 'emailops.env_utils' from 'C:\\Users\\ASUS\\Downloads\\emailops_vertex_ai\\emailops\\env_utils.py'>.load_validated_accounts
 +    where <module 'emailops.env_utils' from 'C:\\Users\\ASUS\\Downloads\\emailops_vertex_ai\\emailops\\env_utils.py'> = <test_env_utils.TestEnvUtils testMethod=test_load_validated_accounts_exported>.env_utils
 +  and   <Mock name='mock.load_validated_accounts' id='1647978336464'> = <MagicMock id='1647978626192'>.load_validated_accounts
 +    where <MagicMock id='1647978626192'> = <test_env_utils.TestEnvUtils testMethod=test_load_validated_accounts_exported>.mock_runtime
FAILED tests/unit/test_env_utils.py::TestEnvUtils::test_no_additional_symbols_exported - AssertionError: Unexpected public attributes: {'annotations'}
assert not {'annotations'}
FAILED tests/unit/test_env_utils.py::TestEnvUtils::test_reset_vertex_init_exported - AssertionError: assert <function reset_vertex_init at 0x0000017FA5D34540> is <Mock name='mock.reset_vertex_init' id='1647978138256'>
 +  where <function reset_vertex_init at 0x0000017FA5D34540> = <module 'emailops.env_utils' from 'C:\\Users\\ASUS\\Downloads\\emailops_vertex_ai\\emailops\\env_utils.py'>.reset_vertex_init
 +    where <module 'emailops.env_utils' from 'C:\\Users\\ASUS\\Downloads\\emailops_vertex_ai\\emailops\\env_utils.py'> = <test_env_utils.TestEnvUtils testMethod=test_reset_vertex_init_exported>.env_utils
 +  and   <Mock name='mock.reset_vertex_init' id='1647978138256'> = <MagicMock id='1647979598352'>.reset_vertex_init
 +    where <MagicMock id='1647979598352'> = <test_env_utils.TestEnvUtils testMethod=test_reset_vertex_init_exported>.mock_runtime
FAILED tests/unit/test_env_utils.py::TestEnvUtils::test_save_validated_accounts_exported - AssertionError: assert <function save_validated_accounts at 0x0000017FA5D347C0> is <Mock name='mock.save_validated_accounts' id='1647973996752'>
 +  where <function save_validated_accounts at 0x0000017FA5D347C0> = <module 'emailops.env_utils' from 'C:\\Users\\ASUS\\Downloads\\emailops_vertex_ai\\emailops\\env_utils.py'>.save_validated_accounts
 +    where <module 'emailops.env_utils' from 'C:\\Users\\ASUS\\Downloads\\emailops_vertex_ai\\emailops\\env_utils.py'> = <test_env_utils.TestEnvUtils testMethod=test_save_validated_accounts_exported>.env_utils
 +  and   <Mock name='mock.save_validated_accounts' id='1647973996752'> = <MagicMock id='1647974001296'>.save_validated_accounts
 +    where <MagicMock id='1647974001296'> = <test_env_utils.TestEnvUtils testMethod=test_save_validated_accounts_exported>.mock_runtime
FAILED tests/unit/test_env_utils.py::TestEnvUtils::test_validate_account_exported - AssertionError: assert <function validate_account at 0x0000017FA5D349A0> is <Mock name='mock.validate_account' id='1647978170256'>
 +  where <function validate_account at 0x0000017FA5D349A0> = <module 'emailops.env_utils' from 'C:\\Users\\ASUS\\Downloads\\emailops_vertex_ai\\emailops\\env_utils.py'>.validate_account
 +    where <module 'emailops.env_utils' from 'C:\\Users\\ASUS\\Downloads\\emailops_vertex_ai\\emailops\\env_utils.py'> = <test_env_utils.TestEnvUtils testMethod=test_validate_account_exported>.env_utils
 +  and   <Mock name='mock.validate_account' id='1647978170256'> = <MagicMock id='1647978181328'>.validate_account
 +    where <MagicMock id='1647978181328'> = <test_env_utils.TestEnvUtils testMethod=test_validate_account_exported>.mock_runtime
FAILED tests/unit/test_env_utils.py::TestEnvUtils::test_vertex_account_exported - AssertionError: assert <class 'emailops.llm_runtime.VertexAccount'> is <class 'test_env_utils.VertexAccount'>
 +  where <class 'emailops.llm_runtime.VertexAccount'> = <module 'emailops.env_utils' from 'C:\\Users\\ASUS\\Downloads\\emailops_vertex_ai\\emailops\\env_utils.py'>.VertexAccount
 +    where <module 'emailops.env_utils' from 'C:\\Users\\ASUS\\Downloads\\emailops_vertex_ai\\emailops\\env_utils.py'> = <test_env_utils.TestEnvUtils testMethod=test_vertex_account_exported>.env_utils
 +  and   <class 'test_env_utils.VertexAccount'> = <MagicMock id='1647978342480'>.VertexAccount
 +    where <MagicMock id='1647978342480'> = <test_env_utils.TestEnvUtils testMethod=test_vertex_account_exported>.mock_runtime
FAILED tests/unit/test_env_utils.py::TestEnvUtilsErrorHandling::test_missing_runtime_attribute - Failed: DID NOT RAISE <class 'AttributeError'>
FAILED tests/unit/test_env_utils.py::TestEnvUtilsErrorHandling::test_runtime_function_raises_error - emailops.llm_runtime.LLMError: No valid GCP accounts found. Provide validated_accounts.json or valid files in secrets/.
FAILED tests/unit/test_env_utils.py::TestEnvUtilsErrorHandling::test_runtime_module_import_error - AttributeError: <module 'emailops.env_utils' from 'C:\\Users\\ASUS\\Downloads\\emailops_vertex_ai\\emailops\\env_utils.py'> does not have the attribute 'llm_runtime'
FAILED tests/unit/test_env_utils.py::TestEnvUtilsIntegration::test_chained_function_calls - emailops.llm_runtime.LLMError: Failed to initialize Vertex AI SDK: Could not deserialize key data. The data may be in an incorrect format, it may be encrypted with an unsupported algorithm, or it may be an unsupported key type (e.g. EC curves with explicit parameters). Details: ASN.1 parsing error: invalid length
FAILED tests/unit/test_env_utils.py::TestEnvUtilsIntegration::test_default_accounts_modification - AssertionError: assert [{'project_id': 'api-agent-470921', 'credentials_path': 'secrets/api-agent-470921-4e2065b2ecf9.json'}, {'project_id': 'apt-arcana-470409-i7', 'credentials_path': 'secrets/apt-arcana-470409-i7-ce42b76061bf.json'}, {'project_id': 'embed2-474114', 'credentials_path': 'secrets/embed2-474114-fca38b4d2068.json'}, {'project_id': 'crafty-airfoil-474021-s2', 'credentials_path': 'secrets/crafty-airfoil-474021-s2-34159960925b.json'}, {'project_id': 'my-project-31635v', 'credentials_path': 'secrets/my-project-31635v-8ec357ac35b2.json'}, {'project_id': 'semiotic-nexus-470620-f3', 'credentials_path': 'secrets/semiotic-nexus-470620-f3-3240cfaf6036.json'}] == ['acc1', 'acc2']
  
  At index 0 diff: {'project_id': 'api-agent-470921', 'credentials_path': 'secrets/api-agent-470921-4e2065b2ecf9.json'} != 'acc1'
  Left contains 4 more items, first extra item: {'credentials_path': 'secrets/embed2-474114-fca38b4d2068.json', 'project_id': 'embed2-474114'}
  
  Full diff:
    [
  -     'acc1',
  -     'acc2',
  +     {
  +         'credentials_path': 'secrets/api-agent-470921-4e2065b2ecf9.json',
  +         'project_id': 'api-agent-470921',
  +     },
  +     {
  +         'credentials_path': 'secrets/apt-arcana-470409-i7-ce42b76061bf.json',
  +         'project_id': 'apt-arcana-470409-i7',
  +     },
  +     {
  +         'credentials_path': 'secrets/embed2-474114-fca38b4d2068.json',
  +         'project_id': 'embed2-474114',
  +     },
  +     {
  +         'credentials_path': 'secrets/crafty-airfoil-474021-s2-34159960925b.json',
  +         'project_id': 'crafty-airfoil-474021-s2',
  +     },
  +     {
  +         'credentials_path': 'secrets/my-project-31635v-8ec357ac35b2.json',
  +         'project_id': 'my-project-31635v',
  +     },
  +     {
  +         'credentials_path': 'secrets/semiotic-nexus-470620-f3-3240cfaf6036.json',
  +         'project_id': 'semiotic-nexus-470620-f3',
  +     },
    ]
FAILED tests/unit/test_env_utils.py::TestEnvUtilsIntegration::test_vertex_account_instantiation - TypeError: VertexAccount.__init__() got an unexpected keyword argument 'credentials'
FAILED tests/unit/test_llm_client.py::TestLLMClient::test_complete_alias - TypeError: complete_text() missing 1 required positional argument: 'user'
FAILED tests/unit/test_llm_client.py::TestLLMClient::test_complete_json - TypeError: complete_json() got an unexpected keyword argument 'schema'
FAILED tests/unit/test_llm_client.py::TestLLMClient::test_complete_text - TypeError: complete_text() missing 1 required positional argument: 'user'
FAILED tests/unit/test_llm_client.py::TestLLMClient::test_dir_returns_sorted_all - AssertionError: assert 'zebra_func' in ['LLMError', 'complete', 'complete_json', 'complete_text', 'embed', 'embed_texts', 'json_complete']
FAILED tests/unit/test_llm_client.py::TestLLMClient::test_embed_texts - emailops.llm_runtime.LLMError: Set OPENAI_API_KEY
FAILED tests/unit/test_llm_client.py::TestLLMClient::test_embed_with_generator - emailops.llm_runtime.LLMError: Failed to initialize Vertex AI SDK: Could not deserialize key data. The data may be in an incorrect format, it may be encrypted with an unsupported algorithm, or it may be an unsupported key type (e.g. EC curves with explicit parameters). Details: ASN.1 parsing error: invalid length
FAILED tests/unit/test_llm_client.py::TestLLMClient::test_embed_with_list - emailops.llm_runtime.LLMError: Failed to initialize Vertex AI SDK: Could not deserialize key data. The data may be in an incorrect format, it may be encrypted with an unsupported algorithm, or it may be an unsupported key type (e.g. EC curves with explicit parameters). Details: ASN.1 parsing error: invalid length
FAILED tests/unit/test_llm_client.py::TestLLMClient::test_embed_with_tuple - emailops.llm_runtime.LLMError: Failed to initialize Vertex AI SDK: Could not deserialize key data. The data may be in an incorrect format, it may be encrypted with an unsupported algorithm, or it may be an unsupported key type (e.g. EC curves with explicit parameters). Details: ASN.1 parsing error: invalid length
FAILED tests/unit/test_llm_client.py::TestLLMClient::test_getattr_all_deduplicates - AssertionError: assert 'new_func' in ['complete_text', 'complete_json', 'embed_texts', 'complete', 'json_complete', 'embed', 'LLMError']
FAILED tests/unit/test_llm_client.py::TestLLMClient::test_getattr_all_with_llmerror - AssertionError: assert 'extra_func' in ['complete_text', 'complete_json', 'embed_texts', 'complete', 'json_complete', 'embed', 'LLMError']
FAILED tests/unit/test_llm_client.py::TestLLMClient::test_getattr_all_without_llmerror - AssertionError: assert 'LLMError' not in ['complete_text', 'complete_json', 'embed_texts', 'complete', 'json_complete', 'embed', 'LLMError']
FAILED tests/unit/test_llm_client.py::TestLLMClient::test_getattr_forwards_to_runtime - AttributeError: module 'emailops.llm_client' has no attribute 'special_func'
FAILED tests/unit/test_llm_client.py::TestLLMClient::test_getattr_llmerror - AssertionError: assert <class 'emailops.llm_runtime.LLMError'> is <class 'test_llm_client.TestLLMClient.test_getattr_llmerror.<locals>.CustomError'>
FAILED tests/unit/test_llm_client.py::TestLLMClient::test_json_complete_alias - TypeError: complete_json() missing 1 required positional argument: 'user'
FAILED tests/unit/test_llm_client.py::TestLLMClient::test_rt_attr_success - AttributeError: llm_runtime.test_func is not available
FAILED tests/unit/test_llm_client.py::TestLLMClient::test_runtime_exports_filters_non_strings - AssertionError: assert [] == ['func1', 'func2']
  
  Right contains 2 more items, first extra item: 'func1'
  
  Full diff:
  + []
  - [
  -     'func1',
  -     'func2',
  - ]
FAILED tests/unit/test_llm_client.py::TestLLMClient::test_runtime_exports_with_iterable - AssertionError: assert set() == {'func1', 'func2'}
  
  Extra items in the right set:
  'func1'
  'func2'
  
  Full diff:
  + set()
  - {
  -     'func1',
  -     'func2',
  - }
FAILED tests/unit/test_llm_client.py::TestLLMClient::test_runtime_exports_with_list - AssertionError: assert [] == ['func1', 'func2', 'LLMError']
  
  Right contains 3 more items, first extra item: 'func1'
  
  Full diff:
  + []
  - [
  -     'func1',
  -     'func2',
  -     'LLMError',
  - ]
FAILED tests/unit/test_llm_client.py::TestLLMClient::test_runtime_exports_with_tuple - AssertionError: assert [] == ['func1', 'func2']
  
  Right contains 2 more items, first extra item: 'func1'
  
  Full diff:
  + []
  - [
  -     'func1',
  -     'func2',
  - ]
FAILED tests/unit/test_llm_client.py::TestLLMClientIntegration::test_complete_text_error_handling - TypeError: complete_text() missing 1 required positional argument: 'user'
FAILED tests/unit/test_llm_client.py::TestLLMClientIntegration::test_embed_empty_list - AssertionError: Expected 'embed_texts' to be called once. Called 0 times.
FAILED tests/unit/test_llm_client.py::TestLLMClientIntegration::test_multiple_kwargs_forwarding - TypeError: complete_text() got an unexpected keyword argument 'max_tokens'
FAILED tests/unit/test_llm_client.py::TestLLMClientIntegration::test_runtime_attribute_caching_not_performed - AttributeError: module 'emailops.llm_client' has no attribute 'dynamic_func'
FAILED tests/unit/test_llm_client.py::TestLLMClientEdgeCases::test_embed_with_empty_generator - AssertionError: Expected 'embed_texts' to be called once. Called 0 times.
FAILED tests/unit/test_processor.py::TestHelperFunctions::test_initialize_gcp_credentials_from_env - AssertionError: assert '\\path\\to\\creds.json' == '/path/to/creds.json'
  
  - /path/to/creds.json
  ? ^    ^  ^
  + \path\to\creds.json
  ? ^    ^  ^
FAILED tests/unit/test_processor.py::TestHelperFunctions::test_initialize_gcp_credentials_no_env - AttributeError: <module 'processing.processor' from 'C:\\Users\\ASUS\\Downloads\\emailops_vertex_ai\\processing\\processor.py'> does not have the attribute 'get_config'
FAILED tests/unit/test_processor.py::TestUnifiedProcessor::test_build_chunk_config_kwargs - AttributeError: <module 'processing.processor' from 'C:\\Users\\ASUS\\Downloads\\emailops_vertex_ai\\processing\\processor.py'> does not have the attribute 'get_config'
FAILED tests/unit/test_processor.py::TestUnifiedProcessor::test_distribute_chunking_work - PermissionError: [WinError 32] The process cannot access the file because it is being used by another process: 'C:\\Users\\ASUS\\AppData\\Local\\Temp\\tmpcyxggcd3\\_chunks\\_chunker_state\\chunk_20251011_010244.log'
FAILED tests/unit/test_processor.py::TestUnifiedProcessor::test_find_documents_basic - AttributeError: <module 'processing.processor' from 'C:\\Users\\ASUS\\Downloads\\emailops_vertex_ai\\processing\\processor.py'> does not have the attribute 'get_config'
FAILED tests/unit/test_processor.py::TestUnifiedProcessor::test_find_documents_test_mode - PermissionError: [WinError 32] The process cannot access the file because it is being used by another process: 'C:\\Users\\ASUS\\AppData\\Local\\Temp\\tmp7hdo8pyp\\_chunks\\_chunker_state\\chunk_20251011_010245.log'
FAILED tests/unit/test_processor.py::TestUnifiedProcessor::test_find_documents_with_resume - AttributeError: <module 'processing.processor' from 'C:\\Users\\ASUS\\Downloads\\emailops_vertex_ai\\processing\\processor.py'> does not have the attribute 'get_config'
FAILED tests/unit/test_processor.py::TestUnifiedProcessor::test_init_embed_mode - AttributeError: <module 'processing.processor' from 'C:\\Users\\ASUS\\Downloads\\emailops_vertex_ai\\processing\\processor.py'> does not have the attribute 'get_config'
FAILED tests/unit/test_processor.py::TestUnifiedProcessor::test_init_with_custom_params - AttributeError: <module 'processing.processor' from 'C:\\Users\\ASUS\\Downloads\\emailops_vertex_ai\\processing\\processor.py'> does not have the attribute 'get_config'
FAILED tests/unit/test_processor.py::TestUnifiedProcessor::test_init_with_defaults - AttributeError: <module 'processing.processor' from 'C:\\Users\\ASUS\\Downloads\\emailops_vertex_ai\\processing\\processor.py'> does not have the attribute 'get_config'
FAILED tests/unit/test_processor.py::TestUnifiedProcessor::test_init_without_config - AttributeError: <module 'processing.processor' from 'C:\\Users\\ASUS\\Downloads\\emailops_vertex_ai\\processing\\processor.py'> does not have the attribute 'get_config'
FAILED tests/unit/test_processor.py::TestChunkWorkerEntry::test_chunk_worker_entry_import_error - AttributeError: <module 'emailops.text_chunker' from 'C:\\Users\\ASUS\\Downloads\\emailops_vertex_ai\\emailops\\text_chunker.py'> does not have the attribute 'TextChunker'
FAILED tests/unit/test_processor.py::TestChunkWorkerEntry::test_chunk_worker_entry_success - AttributeError: <module 'emailops.text_chunker' from 'C:\\Users\\ASUS\\Downloads\\emailops_vertex_ai\\emailops\\text_chunker.py'> does not have the attribute 'TextChunker'
FAILED tests/unit/test_processor.py::TestEmbeddingOperations::test_create_embeddings_no_credentials - AttributeError: <module 'processing.processor' from 'C:\\Users\\ASUS\\Downloads\\emailops_vertex_ai\\processing\\processor.py'> does not have the attribute 'get_config'
FAILED tests/unit/test_processor.py::TestEmbeddingOperations::test_create_embeddings_vertex - AttributeError: <module 'processing.processor' from 'C:\\Users\\ASUS\\Downloads\\emailops_vertex_ai\\processing\\processor.py'> does not have the attribute 'get_config'
FAILED tests/unit/test_processor.py::TestIndexOperations::test_repair_index_no_files - PermissionError: [WinError 32] The process cannot access the file because it is being used by another process: 'C:\\Users\\ASUS\\AppData\\Local\\Temp\\tmpd9bcoe1y\\_index\\repair_20251011_010246.log'
FAILED tests/unit/test_processor.py::TestIndexOperations::test_repair_index_success - PermissionError: [WinError 32] The process cannot access the file because it is being used by another process: 'C:\\Users\\ASUS\\AppData\\Local\\Temp\\tmpg8u8nnlq\\_index\\repair_20251011_010247.log'
FAILED tests/unit/test_processor.py::TestErrorHandling::test_embed_from_chunks_error_handling - PermissionError: [WinError 32] The process cannot access the file because it is being used by another process: 'C:\\Users\\ASUS\\AppData\\Local\\Temp\\tmpk_vt2zit\\_index\\embed_20251011_010247.log'
FAILED tests/unit/test_processor.py::TestErrorHandling::test_fix_failed_embeddings_re_embed_error - PermissionError: [WinError 32] The process cannot access the file because it is being used by another process: 'C:\\Users\\ASUS\\AppData\\Local\\Temp\\tmps7rahzde\\_index\\fix_20251011_010247.log'
FAILED tests/unit/test_processor.py::TestErrorHandling::test_sequential_chunk_import_error - PermissionError: [WinError 32] The process cannot access the file because it is being used by another process: 'C:\\Users\\ASUS\\AppData\\Local\\Temp\\tmpy6xpngd6\\_chunks\\_chunker_state\\chunk_20251011_010247.log'
FAILED tests/unit/test_processor.py::TestMonitoringFunctions::test_display_progress_tty - PermissionError: [WinError 32] The process cannot access the file because it is being used by another process: 'C:\\Users\\ASUS\\AppData\\Local\\Temp\\tmpup8d6eyi\\_chunks\\_chunker_state\\chunk_20251011_010247.log'
FAILED tests/unit/test_processor.py::TestMonitoringFunctions::test_print_summary - PermissionError: [WinError 32] The process cannot access the file because it is being used by another process: 'C:\\Users\\ASUS\\AppData\\Local\\Temp\\tmpj8fsmbfi\\_chunks\\_chunker_state\\chunk_20251011_010248.log'
======= 84 failed, 431 passed, 1 skipped, 1 warning, 1 error in 25.92s ========
